2024-06-23 10:04:35,236 - INFO - []
2024-06-23 10:04:35,342 - INFO - [[-1.57079637  2.51945186]
 [-1.56785512  2.5319941 ]
 [-1.5648967   2.52458024]
 ...
 [ 1.5648967   2.83939004]
 [ 1.56785512  2.82311583]
 [ 1.57079637  2.83140683]]
2024-06-23 10:04:35,493 - INFO - [[-1.57079637  2.53296542]
 [-1.56785512  2.54547071]
 [-1.5648967   2.53801727]
 ...
 [ 1.5648967   2.89493012]
 [ 1.56785512  2.87816215]
 [ 1.57079637  2.88661504]]
2024-06-23 10:04:35,637 - INFO - [[-1.57079637  2.57559919]
 [-1.56785512  2.58828187]
 [-1.5648967   2.58070302]
 ...
 [ 1.5648967   4.67085028]
 [ 1.56785512  4.66448832]
 [ 1.57079637  4.67818737]]
2024-06-23 10:04:35,746 - INFO - [[-1.57079637  2.61632895]
 [-1.56785512  2.62921524]
 [-1.5648967   2.6215167 ]
 ...
 [ 1.5648967   4.67526531]
 [ 1.56785512  4.66877651]
 [ 1.57079637  4.68248796]]
2024-06-23 10:04:35,885 - INFO - [[-1.57079637  2.63437152]
 [-1.56785512  2.64722753]
 [-1.5648967   2.63947606]
 ...
 [ 1.5648967   4.67938042]
 [ 1.56785512  4.67286777]
 [ 1.57079637  4.68659115]]
2024-06-23 10:04:35,948 - INFO - [[-1.57079637  2.63934445]
 [-1.56785512  2.65206623]
 [-1.5648967   2.64430046]
 ...
 [ 1.5648967   4.68618536]
 [ 1.56785512  4.67942905]
 [ 1.57079637  4.6931715 ]]
2024-06-23 10:04:36,048 - INFO - [[-1.57079637  2.64760876]
 [-1.56785512  2.66020274]
 [-1.5648967   2.65241337]
 ...
 [ 1.5648967   4.69311428]
 [ 1.56785512  4.68621397]
 [ 1.57079637  4.69997644]]
2024-06-23 10:04:36,185 - INFO - [[-1.57079637  2.65391517]
 [-1.56785512  2.66635489]
 [-1.5648967   2.6585474 ]
 ...
 [ 1.5648967   4.70047855]
 [ 1.56785512  4.69343185]
 [ 1.57079637  4.70721579]]
2024-06-23 10:04:36,250 - INFO - [[-1.57079637  2.65210557]
 [-1.56785512  2.66435647]
 [-1.5648967   2.65655494]
 ...
 [ 1.5648967   4.71026468]
 [ 1.56785512  4.70305634]
 [ 1.57079637  4.7168684 ]]
2024-06-23 10:04:36,346 - INFO - [[-1.57079637  2.65519977]
 [-1.56785512  2.6672883 ]
 [-1.5648967   2.65947819]
 ...
 [ 1.5648967   4.72030115]
 [ 1.56785512  4.7129283 ]
 [ 1.57079637  4.72676945]]
2024-06-23 10:04:36,446 - INFO - [[-1.57079637  2.68644285]
 [-1.56785512  2.6987071 ]
 [-1.5648967   2.69080496]
 ...
 [ 1.5648967   4.7235508 ]
 [ 1.56785512  4.71615887]
 [ 1.57079637  4.73000956]]
2024-06-23 10:04:36,543 - INFO - [[-1.57079637  2.71618676]
 [-1.56785512  2.72860432]
 [-1.5648967   2.72061467]
 ...
 [ 1.5648967   4.72701502]
 [ 1.56785512  4.71970701]
 [ 1.57079637  4.73356819]]
2024-06-23 10:04:36,642 - INFO - [[-1.57079637  2.74261737]
 [-1.56785512  2.75514364]
 [-1.5648967   2.74707627]
 ...
 [ 1.5648967   4.73122168]
 [ 1.56785512  4.72378302]
 [ 1.57079637  4.73765612]]
2024-06-23 10:04:36,744 - INFO - [[-1.57079637  2.76863503]
 [-1.56785512  2.78126144]
 [-1.5648967   2.77311754]
 ...
 [ 1.5648967   4.73543549]
 [ 1.56785512  4.72807646]
 [ 1.57079637  4.74196196]]
2024-06-23 10:04:36,846 - INFO - [[-1.57079637  2.79496908]
 [-1.56785512  2.80773115]
 [-1.5648967   2.79950953]
 ...
 [ 1.5648967   4.73965693]
 [ 1.56785512  4.73227262]
 [ 1.57079637  4.74617052]]
2024-06-23 10:04:36,949 - INFO - [[-1.57079637  2.82136226]
 [-1.56785512  2.8342576 ]
 [-1.5648967   2.82595849]
 ...
 [ 1.5648967   4.74388599]
 [ 1.56785512  4.73647642]
 [ 1.57079637  4.75038624]]
2024-06-23 10:04:37,044 - INFO - [[-1.57079637  2.84776545]
 [-1.56785512  2.86079097]
 [-1.5648967   2.85241413]
 ...
 [ 1.5648967   4.74812269]
 [ 1.56785512  4.74068642]
 [ 1.57079637  4.75460911]]
2024-06-23 10:04:37,173 - INFO - [[-1.57079637  2.87416553]
 [-1.56785512  2.88727903]
 [-1.5648967   2.87882471]
 ...
 [ 1.5648967   4.75236654]
 [ 1.56785512  4.74490499]
 [ 1.57079637  4.75883961]]
2024-06-23 10:04:37,246 - INFO - [[-1.57079637  2.90050888]
 [-1.56785512  2.91374397]
 [-1.5648967   2.90521216]
 ...
 [ 1.5648967   4.75651169]
 [ 1.56785512  4.7491312 ]
 [ 1.57079637  4.76307821]]
2024-06-23 10:04:37,397 - INFO - [[-1.57079637  2.92685914]
 [-1.56785512  2.94021273]
 [-1.5648967   2.93160343]
 ...
 [ 1.5648967   4.7607708 ]
 [ 1.56785512  4.75336409]
 [ 1.57079637  4.76732397]]
2024-06-23 10:04:37,497 - INFO - [[-1.57079637  2.96643043]
 [-1.56785512  2.9799757 ]
 [-1.5648967   2.97124982]
 ...
 [ 1.5648967   4.76706696]
 [ 1.56785512  4.7596221 ]
 [ 1.57079637  4.77360058]]
2024-06-23 10:04:37,642 - INFO - [[-1.57079637  2.99278307]
 [-1.56785512  3.00647974]
 [-1.5648967   2.99767637]
 ...
 [ 1.5648967   4.77113056]
 [ 1.56785512  4.76366138]
 [ 1.57079637  4.77765131]]
2024-06-23 10:04:37,754 - INFO - [[-1.57079637  4.9994998 ]
 [-1.56785512  4.9994998 ]
 [-1.5648967   4.9994998 ]
 ...
 [ 1.5648967   4.77745438]
 [ 1.56785512  4.76994658]
 [ 1.57079637  4.7839551 ]]
2024-06-23 10:04:37,851 - INFO - [[-1.57079637  4.9994998 ]
 [-1.56785512  4.9994998 ]
 [-1.5648967   4.9994998 ]
 ...
 [ 1.5648967   4.78164291]
 [ 1.56785512  4.77421761]
 [ 1.57079637  4.78823853]]
2024-06-23 10:04:37,941 - INFO - [[-1.57079637  4.9994998 ]
 [-1.56785512  4.9994998 ]
 [-1.5648967   4.9994998 ]
 ...
 [ 1.5648967   4.78584003]
 [ 1.56785512  4.77838898]
 [ 1.57079637  4.79242229]]
2024-06-23 10:04:38,043 - INFO - [[-1.57079637  4.9994998 ]
 [-1.56785512  4.9994998 ]
 [-1.5648967   4.9994998 ]
 ...
 [ 1.5648967   4.7901516 ]
 [ 1.56785512  4.78267479]
 [ 1.57079637  4.7967205 ]]
2024-06-23 10:04:38,192 - INFO - [[-1.57079637  4.9994998 ]
 [-1.56785512  4.9994998 ]
 [-1.5648967   4.9994998 ]
 ...
 [ 1.5648967   4.79425478]
 [ 1.56785512  4.78686047]
 [ 1.57079637  4.80091858]]
2024-06-23 10:04:38,295 - INFO - [[-1.57079637  4.9994998 ]
 [-1.56785512  4.9994998 ]
 [-1.5648967   4.9994998 ]
 ...
 [ 1.5648967   4.80064011]
 [ 1.56785512  4.7930994 ]
 [ 1.57079637  4.80717611]]
2024-06-23 10:04:38,396 - INFO - [[-1.57079637  4.9994998 ]
 [-1.56785512  4.9994998 ]
 [-1.5648967   4.9994998 ]
 ...
 [ 1.5648967   4.80476141]
 [ 1.56785512  4.79719591]
 [ 1.57079637  4.81128454]]
2024-06-23 10:04:38,498 - INFO - [[-1.57079637  4.9994998 ]
 [-1.56785512  4.9994998 ]
 [-1.5648967   4.9994998 ]
 ...
 [ 1.5648967   4.80899858]
 [ 1.56785512  4.8015151 ]
 [ 1.57079637  4.81561613]]
2024-06-23 10:04:38,594 - INFO - [[-1.57079637  4.9994998 ]
 [-1.56785512  4.9994998 ]
 [-1.5648967   4.9994998 ]
 ...
 [ 1.5648967   4.81324291]
 [ 1.56785512  4.80573463]
 [ 1.57079637  4.81984806]]
2024-06-23 10:04:38,737 - INFO - [[-1.57079637  4.9994998 ]
 [-1.56785512  4.9994998 ]
 [-1.5648967   4.9994998 ]
 ...
 [ 1.5648967   4.81727743]
 [ 1.56785512  4.80974388]
 [ 1.57079637  4.82386923]]
2024-06-23 10:04:38,794 - INFO - [[-1.57079637  4.9994998 ]
 [-1.56785512  4.9994998 ]
 [-1.5648967   4.9994998 ]
 ...
 [ 1.5648967   4.82153654]
 [ 1.56785512  4.81397772]
 [ 1.57079637  4.82811546]]
2024-06-23 10:06:37,885 - INFO - []
2024-06-23 10:06:37,994 - INFO - [[-1.57079637  4.96159506]
 [-1.56785512  4.96479988]
 [-1.5648967   4.95026207]
 ...
 [ 1.5648967   4.95868778]
 [ 1.56785512  4.95189047]
 [ 1.57079637  4.96643305]]
2024-06-23 10:06:38,092 - INFO - [[-1.57079637  4.96113539]
 [-1.56785512  4.96422148]
 [-1.5648967   4.94968557]
 ...
 [ 1.5648967   4.96250582]
 [ 1.56785512  4.95580196]
 [ 1.57079637  4.97035646]]
2024-06-23 10:06:38,194 - INFO - [[-1.57079637  4.95837498]
 [-1.56785512  4.96156597]
 [-1.5648967   4.9470377 ]
 ...
 [ 1.5648967   4.96540213]
 [ 1.56785512  4.95856714]
 [ 1.57079637  4.97312975]]
2024-06-23 10:06:38,292 - INFO - [[-1.57079637  4.9556179 ]
 [-1.56785512  4.95879793]
 [-1.5648967   4.94427776]
 ...
 [ 1.5648967   4.96807051]
 [ 1.56785512  4.96133471]
 [ 1.57079637  4.97590542]]
2024-06-23 10:06:38,394 - INFO - [[-1.57079637  4.95320845]
 [-1.56785512  4.95637798]
 [-1.5648967   4.94186497]
 ...
 [ 1.5648967   4.97050858]
 [ 1.56785512  4.96364403]
 [ 1.57079637  4.97822142]]
2024-06-23 10:06:38,533 - INFO - [[-1.57079637  4.95045757]
 [-1.56785512  4.95350027]
 [-1.5648967   4.93899584]
 ...
 [ 1.5648967   4.97353077]
 [ 1.56785512  4.96676493]
 [ 1.57079637  4.98135138]]
2024-06-23 10:06:38,643 - INFO - [[-1.57079637  4.94587946]
 [-1.56785512  4.94901752]
 [-1.5648967   4.93452644]
 ...
 [ 1.5648967   4.97783804]
 [ 1.56785512  4.97104788]
 [ 1.57079637  4.9856472 ]]
2024-06-23 10:06:38,745 - INFO - [[-1.57079637  4.94233751]
 [-1.56785512  4.94546032]
 [-1.5648967   4.93097973]
 ...
 [ 1.5648967   4.98075247]
 [ 1.56785512  4.97394562]
 [ 1.57079637  4.98855305]]
2024-06-23 10:06:38,845 - INFO - [[-1.57079637  4.9367485 ]
 [-1.56785512  4.93996286]
 [-1.5648967   4.92549801]
 ...
 [ 1.5648967   4.98133612]
 [ 1.56785512  4.9746418 ]
 [ 1.57079637  4.98925161]]
2024-06-23 10:06:38,944 - INFO - [[-1.57079637  3.13708568]
 [-1.56785512  3.12592816]
 [-1.5648967   3.11677504]
 ...
 [ 1.5648967   4.97911978]
 [ 1.56785512  4.97267008]
 [ 1.57079637  4.98727369]]
2024-06-23 10:06:39,043 - INFO - [[-1.57079637  3.06468391]
 [-1.56785512  3.05404735]
 [-1.5648967   3.04510474]
 ...
 [ 1.5648967   4.97795486]
 [ 1.56785512  4.97174311]
 [ 1.57079637  4.98634434]]
2024-06-23 10:06:39,139 - INFO - [[-1.57079637  2.99098372]
 [-1.56785512  2.98093343]
 [-1.5648967   2.97220492]
 ...
 [ 1.5648967   4.97678995]
 [ 1.56785512  4.97081614]
 [ 1.57079637  4.98541498]]
2024-06-23 10:06:39,241 - INFO - [[-1.57079637  2.92697954]
 [-1.56785512  2.91737032]
 [-1.5648967   2.90882802]
 ...
 [ 1.5648967   4.97644043]
 [ 1.56785512  4.97070026]
 [ 1.57079637  4.98529816]]
2024-06-23 10:06:39,381 - INFO - [[-1.57079637  2.86071301]
 [-1.56785512  2.85161185]
 [-1.5648967   2.84326196]
 ...
 [ 1.5648967   4.97609091]
 [ 1.56785512  4.97046804]
 [ 1.57079637  4.98506546]]
2024-06-23 10:06:39,442 - INFO - [[-1.57079637  2.82934761]
 [-1.56785512  2.82031655]
 [-1.5648967   2.81205821]
 ...
 [ 1.5648967   4.97655678]
 [ 1.56785512  4.97093153]
 [ 1.57079637  4.98553038]]
2024-06-23 10:06:39,539 - INFO - [[-1.57079637  2.8050108 ]
 [-1.56785512  2.79606366]
 [-1.5648967   2.78787637]
 ...
 [ 1.5648967   4.97737217]
 [ 1.56785512  4.97174311]
 [ 1.57079637  4.98634434]]
2024-06-23 10:06:39,644 - INFO - [[-1.57079637  2.77452421]
 [-1.56785512  2.76564622]
 [-1.5648967   2.75754809]
 ...
 [ 1.5648967   4.97842073]
 [ 1.56785512  4.97278595]
 [ 1.57079637  4.98739052]]
2024-06-23 10:06:39,739 - INFO - [[-1.57079637  2.74282813]
 [-1.56785512  2.73406053]
 [-1.5648967   2.72605467]
 ...
 [ 1.5648967   4.9794693 ]
 [ 1.56785512  4.97382975]
 [ 1.57079637  4.98843718]]
2024-06-23 10:06:39,842 - INFO - [[-1.57079637  2.71147013]
 [-1.56785512  2.70281076]
 [-1.5648967   2.6948967 ]
 ...
 [ 1.5648967   4.98051929]
 [ 1.56785512  4.97487402]
 [ 1.57079637  4.98948431]]
2024-06-23 10:06:39,989 - INFO - [[-1.57079637  2.6801827 ]
 [-1.56785512  2.67159796]
 [-1.5648967   2.66377521]
 ...
 [ 1.5648967   4.98145247]
 [ 1.56785512  4.97591782]
 [ 1.57079637  4.99053144]]
2024-06-23 10:06:40,126 - INFO - [[-1.57079637  2.63330126]
 [-1.56785512  2.62487936]
 [-1.5648967   2.61719346]
 ...
 [ 1.5648967   4.98296976]
 [ 1.56785512  4.97731161]
 [ 1.57079637  4.99192905]]
2024-06-23 10:06:40,241 - INFO - [[-1.57079637  2.6019454 ]
 [-1.56785512  2.59363198]
 [-1.5648967   2.58603764]
 ...
 [ 1.5648967   4.98390388]
 [ 1.56785512  4.97824097]
 [ 1.57079637  4.99286127]]
2024-06-23 10:06:40,343 - INFO - [[-1.57079637  2.55505037]
 [-1.56785512  2.54686856]
 [-1.5648967   2.53941107]
 ...
 [ 1.5648967   2.90318966]
 [ 1.56785512  2.91298795]
 [ 1.57079637  2.92154288]]
2024-06-23 10:06:40,443 - INFO - [[-1.57079637  2.52385116]
 [-1.56785512  2.51574826]
 [-1.5648967   2.50838184]
 ...
 [ 1.5648967   2.87081885]
 [ 1.56785512  2.88049436]
 [ 1.57079637  2.88895392]]
2024-06-23 10:06:40,539 - INFO - [[-1.57079637  2.49250412]
 [-1.56785512  2.48451066]
 [-1.5648967   2.47723556]
 ...
 [ 1.5648967   2.83848071]
 [ 1.56785512  2.84807086]
 [ 1.57079637  2.85643506]]
2024-06-23 10:06:40,643 - INFO - [[-1.57079637  2.46124625]
 [-1.56785512  2.45336151]
 [-1.5648967   2.44617772]
 ...
 [ 1.5648967   2.8061955 ]
 [ 1.56785512  2.81566286]
 [ 1.57079637  2.82393193]]
2024-06-23 10:06:40,739 - INFO - [[-1.57079637  2.42996192]
 [-1.56785512  2.42218614]
 [-1.5648967   2.41509366]
 ...
 [ 1.5648967   2.77387691]
 [ 1.56785512  2.78325748]
 [ 1.57079637  2.79143143]]
2024-06-23 10:06:40,840 - INFO - [[-1.57079637  2.39862919]
 [-1.56785512  2.39093518]
 [-1.5648967   2.38393402]
 ...
 [ 1.5648967   2.7414813 ]
 [ 1.56785512  2.75073814]
 [ 1.57079637  2.75881648]]
2024-06-23 10:06:40,943 - INFO - [[-1.57079637  2.36736012]
 [-1.56785512  2.3597753 ]
 [-1.5648967   2.35286546]
 ...
 [ 1.5648967   2.70917773]
 [ 1.56785512  2.71831107]
 [ 1.57079637  2.72629428]]
2024-06-23 10:06:41,039 - INFO - [[-1.57079637  2.3360796 ]
 [-1.56785512  2.32860303]
 [-1.5648967   2.3217845 ]
 ...
 [ 1.5648967   2.67681766]
 [ 1.56785512  2.68586183]
 [ 1.57079637  2.69374967]]
2024-06-23 10:06:41,173 - INFO - [[-1.57079637  2.30476999]
 [-1.56785512  2.29740214]
 [-1.5648967   2.29067516]
 ...
 [ 1.5648967   2.64446473]
 [ 1.56785512  2.65338564]
 [ 1.57079637  2.66117811]]
2024-06-23 10:06:41,334 - INFO - [[-1.57079637  2.27351522]
 [-1.56785512  2.26623154]
 [-1.5648967   2.25959563]
 ...
 [ 1.5648967   2.61217856]
 [ 1.56785512  2.62097669]
 [ 1.57079637  2.62867427]]
2024-06-23 10:15:25,396 - INFO - []
2024-06-23 10:15:25,500 - INFO - [[-1.57079637  4.96159506]
 [-1.56785512  4.96479988]
 [-1.5648967   4.95026207]
 ...
 [ 1.5648967   4.95776272]
 [ 1.56785512  4.95108509]
 [ 1.57079637  4.96562576]]
2024-06-23 10:15:25,600 - INFO - [[-1.57079637  4.96274662]
 [-1.56785512  4.96583939]
 [-1.5648967   4.95129871]
 ...
 [ 1.5648967   4.9621582 ]
 [ 1.56785512  4.95534134]
 [ 1.57079637  4.96989441]]
2024-06-23 10:15:25,702 - INFO - [[-1.57079637  4.97405481]
 [-1.56785512  4.97673082]
 [-1.5648967   4.9621582 ]
 ...
 [ 1.5648967   4.9792366 ]
 [ 1.56785512  4.9718585 ]
 [ 1.57079637  4.98646021]]
2024-06-23 10:15:25,799 - INFO - [[-1.57079637  4.9982276 ]
 [-1.56785512  4.9994998 ]
 [-1.5648967   4.98542261]
 ...
 [ 1.5648967   4.9994998 ]
 [ 1.56785512  4.9994998 ]
 [ 1.57079637  4.9994998 ]]
2024-06-23 10:15:25,898 - INFO - [[-1.57079637  4.9994998 ]
 [-1.56785512  4.9994998 ]
 [-1.5648967   4.9994998 ]
 ...
 [ 1.5648967   4.9994998 ]
 [ 1.56785512  4.9994998 ]
 [ 1.57079637  4.9994998 ]]
2024-06-23 10:15:26,005 - INFO - [[-1.57079637  4.9994998 ]
 [-1.56785512  4.9994998 ]
 [-1.5648967   4.9994998 ]
 ...
 [ 1.5648967   2.83730674]
 [ 1.56785512  2.84184766]
 [ 1.57079637  2.85019374]]
2024-06-23 10:15:26,101 - INFO - [[-1.57079637  4.9994998 ]
 [-1.56785512  4.9994998 ]
 [-1.5648967   4.9994998 ]
 ...
 [ 1.5648967   2.69749427]
 [ 1.56785512  2.70072341]
 [ 1.57079637  2.70865488]]
2024-06-23 10:15:26,246 - INFO - [[-1.57079637  4.9994998 ]
 [-1.56785512  4.9994998 ]
 [-1.5648967   4.9994998 ]
 ...
 [ 1.5648967   2.57926345]
 [ 1.56785512  2.58126569]
 [ 1.57079637  2.58884645]]
2024-06-23 10:15:26,400 - INFO - [[-1.57079637  3.14192343]
 [-1.56785512  3.14891005]
 [-1.5648967   3.13968968]
 ...
 [ 1.5648967   2.45015168]
 [ 1.56785512  2.45071197]
 [ 1.57079637  2.45790935]]
2024-06-23 10:15:26,503 - INFO - [[-1.57079637  3.05261374]
 [-1.56785512  3.05772495]
 [-1.5648967   3.04877162]
 ...
 [ 1.5648967   2.36584783]
 [ 1.56785512  2.36508679]
 [ 1.57079637  2.37203264]]
2024-06-23 10:15:26,598 - INFO - [[-1.57079637  3.0244751 ]
 [-1.56785512  3.02850628]
 [-1.5648967   3.0196383 ]
 ...
 [ 1.5648967   2.33686209]
 [ 1.56785512  2.33530831]
 [ 1.57079637  2.34216666]]
2024-06-23 10:15:26,703 - INFO - [[-1.57079637  3.01743603]
 [-1.56785512  3.02078605]
 [-1.5648967   3.01194072]
 ...
 [ 1.5648967   2.32745075]
 [ 1.56785512  2.32537913]
 [ 1.57079637  2.3322084 ]]
2024-06-23 10:15:26,800 - INFO - [[-1.57079637  3.01701069]
 [-1.56785512  3.02005887]
 [-1.5648967   3.01121569]
 ...
 [ 1.5648967   2.32589817]
 [ 1.56785512  2.32363081]
 [ 1.57079637  2.33045506]]
2024-06-23 10:15:26,901 - INFO - [[-1.57079637  3.01688266]
 [-1.56785512  3.02005887]
 [-1.5648967   3.01121569]
 ...
 [ 1.5648967   2.32638144]
 [ 1.56785512  2.32418799]
 [ 1.57079637  2.33101368]]
2024-06-23 10:15:27,097 - INFO - [[-1.57079637  3.02003455]
 [-1.56785512  3.02369833]
 [-1.5648967   3.01484442]
 ...
 [ 1.5648967   2.33046055]
 [ 1.56785512  2.32865405]
 [ 1.57079637  2.33549285]]
2024-06-23 10:15:27,245 - INFO - [[-1.57079637  3.07804537]
 [-1.56785512  3.08367395]
 [-1.5648967   3.07464457]
 ...
 [ 1.5648967   2.37740517]
 [ 1.56785512  2.37697363]
 [ 1.57079637  2.38395429]]
2024-06-23 10:15:27,353 - INFO - [[-1.57079637  4.9994998 ]
 [-1.56785512  4.9994998 ]
 [-1.5648967   4.9994998 ]
 ...
 [ 1.5648967   2.46403313]
 [ 1.56785512  2.46498585]
 [ 1.57079637  2.47222519]]
2024-06-23 10:15:27,453 - INFO - [[-1.57079637  4.9994998 ]
 [-1.56785512  4.9994998 ]
 [-1.5648967   4.9994998 ]
 ...
 [ 1.5648967   2.54768562]
 [ 1.56785512  2.54966974]
 [ 1.57079637  2.55715775]]
2024-06-23 10:15:27,549 - INFO - [[-1.57079637  4.9994998 ]
 [-1.56785512  4.9994998 ]
 [-1.5648967   4.9994998 ]
 ...
 [ 1.5648967   2.65731835]
 [ 1.56785512  2.66053462]
 [ 1.57079637  2.66834807]]
2024-06-23 10:15:27,650 - INFO - [[-1.57079637  4.9994998 ]
 [-1.56785512  4.99936056]
 [-1.5648967   4.98472166]
 ...
 [ 1.5648967   2.79840469]
 [ 1.56785512  2.80311871]
 [ 1.57079637  2.81135106]]
2024-06-23 10:15:27,753 - INFO - [[-1.57079637  4.89304972]
 [-1.56785512  4.89428234]
 [-1.5648967   4.879951  ]
 ...
 [ 1.5648967   2.97803164]
 [ 1.56785512  2.98464584]
 [ 1.57079637  2.9934113 ]]
2024-06-23 10:15:27,852 - INFO - [[-1.57079637  4.82789707]
 [-1.56785512  3.07882214]
 [-1.5648967   3.06980705]
 ...
 [ 1.5648967   4.9994998 ]
 [ 1.56785512  4.9994998 ]
 [ 1.57079637  4.9994998 ]]
2024-06-23 10:15:27,997 - INFO - [[-1.57079637  2.78568816]
 [-1.56785512  2.77724171]
 [-1.5648967   2.76910949]
 ...
 [ 1.5648967   4.9994998 ]
 [ 1.56785512  4.9994998 ]
 [ 1.57079637  4.9994998 ]]
2024-06-23 10:15:28,106 - INFO - [[-1.57079637  2.45525765]
 [-1.56785512  2.45006442]
 [-1.5648967   2.44289041]
 ...
 [ 1.5648967   4.9994998 ]
 [ 1.56785512  4.9994998 ]
 [ 1.57079637  4.9994998 ]]
2024-06-23 10:15:28,202 - INFO - [[-1.57079637  2.29352689]
 [-1.56785512  2.2898798 ]
 [-1.5648967   2.28317475]
 ...
 [ 1.5648967   4.9994998 ]
 [ 1.56785512  4.9994998 ]
 [ 1.57079637  4.9994998 ]]
2024-06-23 10:15:28,299 - INFO - [[-1.57079637  2.16765952]
 [-1.56785512  2.16521716]
 [-1.5648967   2.15887713]
 ...
 [ 1.5648967   4.9994998 ]
 [ 1.56785512  4.9994998 ]
 [ 1.57079637  4.9994998 ]]
2024-06-23 10:15:28,445 - INFO - [[-1.57079637  2.06893897]
 [-1.56785512  2.06745934]
 [-1.5648967   2.06140542]
 ...
 [ 1.5648967   4.9994998 ]
 [ 1.56785512  4.9994998 ]
 [ 1.57079637  4.9994998 ]]
2024-06-23 10:15:28,553 - INFO - [[-1.57079637  1.96330917]
 [-1.56785512  1.96305525]
 [-1.5648967   1.95730722]
 ...
 [ 1.5648967   3.74932861]
 [ 1.56785512  3.74134326]
 [ 1.57079637  3.75233102]]
2024-06-23 10:15:28,693 - INFO - [[-1.57079637  1.9174844 ]
 [-1.56785512  1.91790354]
 [-1.5648967   1.91228759]
 ...
 [ 1.5648967   3.67819405]
 [ 1.56785512  3.67165971]
 [ 1.57079637  3.68244267]]
2024-06-23 10:15:28,802 - INFO - [[-1.57079637  1.87815857]
 [-1.56785512  1.87952352]
 [-1.5648967   1.8740201 ]
 ...
 [ 1.5648967   3.62144804]
 [ 1.56785512  3.61687088]
 [ 1.57079637  3.6274929 ]]
2024-06-23 10:15:28,902 - INFO - [[-1.57079637  1.87078393]
 [-1.56785512  1.87280691]
 [-1.5648967   1.86732304]
 ...
 [ 1.5648967   3.6160295 ]
 [ 1.56785512  3.61270499]
 [ 1.57079637  3.62331486]]
2024-06-23 10:15:29,003 - INFO - [[-1.57079637  1.87840593]
 [-1.56785512  1.88106489]
 [-1.5648967   1.87555695]
 ...
 [ 1.5648967   3.63618445]
 [ 1.56785512  3.63406348]
 [ 1.57079637  3.64473629]]
2024-06-23 10:15:29,102 - INFO - [[-1.57079637  1.90132833]
 [-1.56785512  1.90468216]
 [-1.5648967   1.89910495]
 ...
 [ 1.5648967   3.68214178]
 [ 1.56785512  3.68129182]
 [ 1.57079637  3.69210315]]
2024-06-23 10:15:29,199 - INFO - [[-1.57079637  4.9994998 ]
 [-1.56785512  4.9994998 ]
 [-1.5648967   4.9994998 ]
 ...
 [ 1.5648967   3.75860548]
 [ 1.56785512  3.75908017]
 [ 1.57079637  3.77011991]]
2024-06-23 10:15:29,299 - INFO - [[-1.57079637  4.8837781 ]
 [-1.56785512  4.88017321]
 [-1.5648967   4.86588335]
 ...
 [ 1.5648967   3.86798024]
 [ 1.56785512  3.87004828]
 [ 1.57079637  3.88141418]]
2024-06-23 10:15:29,402 - INFO - [[-1.57079637  4.71022177]
 [-1.56785512  4.70855856]
 [-1.5648967   4.69477129]
 ...
 [ 1.5648967   4.01497364]
 [ 1.56785512  4.01872253]
 [ 1.57079637  4.03052521]]
2024-06-23 10:15:29,550 - INFO - [[-1.57079637  4.5840559 ]
 [-1.56785512  4.58418846]
 [-1.5648967   4.5707655 ]
 ...
 [ 1.5648967   4.9994998 ]
 [ 1.56785512  4.9994998 ]
 [ 1.57079637  4.9994998 ]]
2024-06-23 10:15:29,651 - INFO - [[-1.57079637  4.47081709]
 [-1.56785512  4.47324467]
 [-1.5648967   4.46014643]
 ...
 [ 1.5648967   4.9994998 ]
 [ 1.56785512  4.9994998 ]
 [ 1.57079637  4.9994998 ]]
2024-06-23 10:15:29,751 - INFO - [[-1.57079637  4.44120836]
 [-1.56785512  4.44527674]
 [-1.5648967   4.43226051]
 ...
 [ 1.5648967   4.9994998 ]
 [ 1.56785512  4.9994998 ]
 [ 1.57079637  4.9994998 ]]
2024-06-23 10:15:29,901 - INFO - [[-1.57079637  4.44693279]
 [-1.56785512  4.45251465]
 [-1.5648967   4.43947744]
 ...
 [ 1.5648967   4.9994998 ]
 [ 1.56785512  4.9994998 ]
 [ 1.57079637  4.9994998 ]]
2024-06-23 10:15:30,001 - INFO - [[-1.57079637  4.51774216]
 [-1.56785512  4.52563524]
 [-1.5648967   4.51238346]
 ...
 [ 1.5648967   3.76319432]
 [ 1.56785512  3.75114703]
 [ 1.57079637  3.7621634 ]]
2024-06-23 10:15:30,099 - INFO - [[-1.57079637  2.25765538]
 [-1.56785512  2.25587726]
 [-1.5648967   2.24927163]
 ...
 [ 1.5648967   3.61590648]
 [ 1.56785512  3.60580373]
 [ 1.57079637  3.61639333]]
2024-06-23 10:15:30,246 - INFO - [[-1.57079637  2.20045805]
 [-1.56785512  2.19926286]
 [-1.5648967   2.19282317]
 ...
 [ 1.5648967   3.54124784]
 [ 1.56785512  3.53223777]
 [ 1.57079637  3.54261136]]
2024-06-23 10:15:30,355 - INFO - [[-1.57079637  2.17765522]
 [-1.56785512  2.17666292]
 [-1.5648967   2.17028928]
 ...
 [ 1.5648967   3.52247834]
 [ 1.56785512  3.51384997]
 [ 1.57079637  3.52416968]]
2024-06-23 10:15:30,452 - INFO - [[-1.57079637  2.19808388]
 [-1.56785512  2.19679403]
 [-1.5648967   2.1903615 ]
 ...
 [ 1.5648967   3.56367755]
 [ 1.56785512  3.55442858]
 [ 1.57079637  3.56486726]]
2024-06-23 10:15:30,552 - INFO - [[-1.57079637  2.25166702]
 [-1.56785512  2.24973869]
 [-1.5648967   2.24315119]
 ...
 [ 1.5648967   3.65732002]
 [ 1.56785512  3.64686298]
 [ 1.57079637  3.65757322]]
2024-06-23 10:15:30,697 - INFO - [[-1.57079637  4.52730322]
 [-1.56785512  4.5350647 ]
 [-1.5648967   4.52178526]
 ...
 [ 1.5648967   3.82574534]
 [ 1.56785512  3.81324553]
 [ 1.57079637  3.82444453]]
2024-06-23 10:15:30,800 - INFO - [[-1.57079637  4.46708345]
 [-1.56785512  4.47230673]
 [-1.5648967   4.45921087]
 ...
 [ 1.5648967   4.9994998 ]
 [ 1.56785512  4.9994998 ]
 [ 1.57079637  4.9994998 ]]
2024-06-23 10:15:30,903 - INFO - [[-1.57079637  4.47035027]
 [-1.56785512  4.47399521]
 [-1.5648967   4.46089458]
 ...
 [ 1.5648967   4.9994998 ]
 [ 1.56785512  4.9994998 ]
 [ 1.57079637  4.9994998 ]]
2024-06-23 10:15:31,045 - INFO - [[-1.57079637  4.50765181]
 [-1.56785512  4.5097518 ]
 [-1.5648967   4.49654675]
 ...
 [ 1.5648967   4.9994998 ]
 [ 1.56785512  4.9994998 ]
 [ 1.57079637  4.9994998 ]]
2024-06-23 10:15:31,153 - INFO - [[-1.57079637  4.63119411]
 [-1.56785512  4.63076591]
 [-1.5648967   4.61720657]
 ...
 [ 1.5648967   3.9707458 ]
 [ 1.56785512  3.97572613]
 [ 1.57079637  3.9874022 ]]
2024-06-23 10:15:31,252 - INFO - [[-1.57079637  4.76329041]
 [-1.56785512  4.76100349]
 [-1.5648967   4.74706268]
 ...
 [ 1.5648967   3.78772426]
 [ 1.56785512  3.79074645]
 [ 1.57079637  3.80187941]]
2024-06-23 10:15:31,349 - INFO - [[-1.57079637  4.94130945]
 [-1.56785512  4.93698978]
 [-1.5648967   4.92253399]
 ...
 [ 1.5648967   3.64816022]
 [ 1.56785512  3.64960861]
 [ 1.57079637  3.66032696]]
2024-06-23 10:15:31,502 - INFO - [[-1.57079637  4.9994998 ]
 [-1.56785512  4.9994998 ]
 [-1.5648967   4.9994998 ]
 ...
 [ 1.5648967   3.54579377]
 [ 1.56785512  3.54586077]
 [ 1.57079637  3.55627441]]
2024-06-23 10:15:31,646 - INFO - [[-1.57079637  2.07919407]
 [-1.56785512  4.9994998 ]
 [-1.5648967   4.9994998 ]
 ...
 [ 1.5648967   3.45237398]
 [ 1.56785512  3.45058155]
 [ 1.57079637  3.46071529]]
2024-06-23 10:15:31,752 - INFO - [[-1.57079637  2.06271458]
 [-1.56785512  2.06467748]
 [-1.5648967   2.0586319 ]
 ...
 [ 1.5648967   3.42441273]
 [ 1.56785512  3.42080903]
 [ 1.57079637  3.43085551]]
2024-06-23 10:15:31,849 - INFO - [[-1.57079637  2.07564378]
 [-1.56785512  2.07688069]
 [-1.5648967   2.07079911]
 ...
 [ 1.5648967   3.44070077]
 [ 1.56785512  3.4359076 ]
 [ 1.57079637  3.44599843]]
2024-06-23 10:15:31,952 - INFO - [[-1.57079637  2.10399938]
 [-1.56785512  2.10450315]
 [-1.5648967   2.09834099]
 ...
 [ 1.5648967   3.4857595 ]
 [ 1.56785512  3.47968483]
 [ 1.57079637  3.48990393]]
2024-06-23 10:15:32,052 - INFO - [[-1.57079637  2.14889002]
 [-1.56785512  2.14861917]
 [-1.5648967   2.14232779]
 ...
 [ 1.5648967   4.9994998 ]
 [ 1.56785512  4.9994998 ]
 [ 1.57079637  4.9994998 ]]
2024-06-23 10:15:32,193 - INFO - [[-1.57079637  2.21208549]
 [-1.56785512  2.21095777]
 [-1.5648967   2.20448375]
 ...
 [ 1.5648967   4.9994998 ]
 [ 1.56785512  4.9994998 ]
 [ 1.57079637  4.9994998 ]]
2024-06-23 10:15:32,347 - INFO - [[-1.57079637  2.34751272]
 [-1.56785512  2.3448329 ]
 [-1.5648967   2.33796692]
 ...
 [ 1.5648967   4.86733055]
 [ 1.56785512  4.86814404]
 [ 1.57079637  4.88244104]]
2024-06-23 10:15:32,454 - INFO - [[-1.57079637  2.54559445]
 [-1.56785512  2.54080105]
 [-1.5648967   2.5333612 ]
 ...
 [ 1.5648967   4.7195673 ]
 [ 1.56785512  4.7178278 ]
 [ 1.57079637  4.73168325]]
2024-06-23 10:15:32,550 - INFO - [[-1.57079637  2.72455812]
 [-1.56785512  2.71789551]
 [-1.5648967   2.7099371 ]
 ...
 [ 1.5648967   4.67177391]
 [ 1.56785512  4.66836786]
 [ 1.57079637  4.68207788]]
2024-06-23 10:15:32,652 - INFO - [[-1.57079637  2.95573306]
 [-1.56785512  2.94654894]
 [-1.5648967   2.93792105]
 ...
 [ 1.5648967   4.66184044]
 [ 1.56785512  4.65685034]
 [ 1.57079637  4.67052698]]
2024-06-23 10:15:32,798 - INFO - [[-1.57079637  3.25944853]
 [-1.56785512  3.24673843]
 [-1.5648967   3.23723149]
 ...
 [ 1.5648967   2.48923945]
 [ 1.56785512  2.49608231]
 [ 1.57079637  2.50341296]]
2024-06-23 10:15:32,901 - INFO - [[-1.57079637  4.9994998 ]
 [-1.56785512  4.9994998 ]
 [-1.5648967   4.9994998 ]
 ...
 [ 1.5648967   2.21117663]
 [ 1.56785512  2.21532059]
 [ 1.57079637  2.22182679]]
2024-06-23 10:15:33,046 - INFO - [[-1.57079637  4.9994998 ]
 [-1.56785512  4.9994998 ]
 [-1.5648967   4.9994998 ]
 ...
 [ 1.5648967   2.07544732]
 [ 1.56785512  2.07827687]
 [ 1.57079637  2.08438039]]
2024-06-23 10:15:33,201 - INFO - [[-1.57079637  4.9994998 ]
 [-1.56785512  4.9994998 ]
 [-1.5648967   4.9994998 ]
 ...
 [ 1.5648967   1.9258467 ]
 [ 1.56785512  1.92720902]
 [ 1.57079637  1.93286884]]
2024-06-23 10:15:33,305 - INFO - [[-1.57079637  4.9994998 ]
 [-1.56785512  4.9994998 ]
 [-1.5648967   4.9994998 ]
 ...
 [ 1.5648967   1.82658684]
 [ 1.56785512  1.82680464]
 [ 1.57079637  1.83216965]]
2024-06-23 10:15:33,424 - INFO - [[-1.57079637  3.6554482 ]
 [-1.56785512  3.6618259 ]
 [-1.5648967   3.6511035 ]
 ...
 [ 1.5648967   1.78334773]
 [ 1.56785512  1.78290403]
 [ 1.57079637  1.78814006]]
2024-06-23 10:15:33,535 - INFO - [[-1.57079637  3.61382747]
 [-1.56785512  3.61883473]
 [-1.5648967   3.60823846]
 ...
 [ 1.5648967   1.75627947]
 [ 1.56785512  1.7552191 ]
 [ 1.57079637  1.76037383]]
2024-06-23 10:15:33,633 - INFO - [[-1.57079637  3.59990144]
 [-1.56785512  3.60361028]
 [-1.5648967   3.59305835]
 ...
 [ 1.5648967   1.74436641]
 [ 1.56785512  1.74269974]
 [ 1.57079637  1.74781775]]
2024-06-23 10:15:33,734 - INFO - [[-1.57079637  3.61291194]
 [-1.56785512  3.6153996 ]
 [-1.5648967   3.60481334]
 ...
 [ 1.5648967   1.74729013]
 [ 1.56785512  1.74500918]
 [ 1.57079637  1.75013399]]
2024-06-23 10:15:33,834 - INFO - [[-1.57079637  3.65357518]
 [-1.56785512  3.65479922]
 [-1.5648967   3.64409733]
 ...
 [ 1.5648967   1.76523018]
 [ 1.56785512  1.76231039]
 [ 1.57079637  1.7674861 ]]
2024-06-23 10:15:33,936 - INFO - [[-1.57079637  3.7233336 ]
 [-1.56785512  3.72318792]
 [-1.5648967   3.712286  ]
 ...
 [ 1.5648967   1.79903686]
 [ 1.56785512  1.79538989]
 [ 1.57079637  1.80066276]]
2024-06-23 10:15:34,031 - INFO - [[-1.57079637  3.824718  ]
 [-1.56785512  3.82315612]
 [-1.5648967   3.81196141]
 ...
 [ 1.5648967   1.85024869]
 [ 1.56785512  1.84579062]
 [ 1.57079637  1.85121143]]
2024-06-23 10:15:34,131 - INFO - [[-1.57079637  3.96251225]
 [-1.56785512  3.95926929]
 [-1.5648967   3.94767594]
 ...
 [ 1.5648967   1.92116666]
 [ 1.56785512  1.91575027]
 [ 1.57079637  1.92137659]]
2024-06-23 10:15:34,234 - INFO - [[-1.57079637  4.14308691]
 [-1.56785512  4.13792706]
 [-1.5648967   4.12581062]
 ...
 [ 1.5648967   4.23786736]
 [ 1.56785512  4.23663664]
 [ 1.57079637  4.24907923]]
2024-06-23 10:15:34,335 - INFO - [[-1.57079637  4.9994998 ]
 [-1.56785512  4.9994998 ]
 [-1.5648967   4.9994998 ]
 ...
 [ 1.5648967   4.1849966 ]
 [ 1.56785512  4.1823082 ]
 [ 1.57079637  4.19459105]]
2024-06-23 10:15:34,482 - INFO - [[-1.57079637  4.9994998 ]
 [-1.56785512  4.9994998 ]
 [-1.5648967   4.9994998 ]
 ...
 [ 1.5648967   4.16663027]
 [ 1.56785512  4.16247463]
 [ 1.57079637  4.17469931]]
2024-06-23 10:15:34,584 - INFO - [[-1.57079637  4.9994998 ]
 [-1.56785512  4.9994998 ]
 [-1.5648967   4.9994998 ]
 ...
 [ 1.5648967   4.20244503]
 [ 1.56785512  4.19604826]
 [ 1.57079637  4.20837116]]
2024-06-23 10:15:34,682 - INFO - [[-1.57079637  4.36223745]
 [-1.56785512  4.3776722 ]
 [-1.5648967   4.36485386]
 ...
 [ 1.5648967   4.27045965]
 [ 1.56785512  4.26237392]
 [ 1.57079637  4.27489185]]
2024-06-23 10:15:34,785 - INFO - [[-1.57079637  4.15507698]
 [-1.56785512  4.1677618 ]
 [-1.5648967   4.15555811]
 ...
 [ 1.5648967   4.37653112]
 [ 1.56785512  4.36664915]
 [ 1.57079637  4.37947321]]
2024-06-23 10:15:34,933 - INFO - [[-1.57079637  3.99671435]
 [-1.56785512  4.00724649]
 [-1.5648967   3.99551272]
 ...
 [ 1.5648967   4.52563477]
 [ 1.56785512  4.51356888]
 [ 1.57079637  4.52682447]]
2024-06-23 10:15:35,078 - INFO - [[-1.57079637  3.8330791 ]
 [-1.56785512  3.84091806]
 [-1.5648967   3.82967138]
 ...
 [ 1.5648967   4.84647799]
 [ 1.56785512  4.83043909]
 [ 1.57079637  4.84462547]]
2024-06-23 10:15:35,225 - INFO - [[-1.57079637  3.74431825]
 [-1.56785512  3.74989343]
 [-1.5648967   3.7389133 ]
 ...
 [ 1.5648967   4.9994998 ]
 [ 1.56785512  4.9994998 ]
 [ 1.57079637  4.9994998 ]]
2024-06-23 10:15:35,330 - INFO - [[-1.57079637  3.72164941]
 [-1.56785512  3.72591996]
 [-1.5648967   3.71500993]
 ...
 [ 1.5648967   1.77146447]
 [ 1.56785512  1.76995862]
 [ 1.57079637  1.77515674]]
2024-06-23 10:15:35,478 - INFO - [[-1.57079637  3.73940945]
 [-1.56785512  3.74173713]
 [-1.5648967   3.73078084]
 ...
 [ 1.5648967   1.77487946]
 [ 1.56785512  1.77242935]
 [ 1.57079637  1.77763474]]
2024-06-23 10:15:35,584 - INFO - [[-1.57079637  4.9994998 ]
 [-1.56785512  4.9994998 ]
 [-1.5648967   4.9994998 ]
 ...
 [ 1.5648967   1.81231344]
 [ 1.56785512  1.80884957]
 [ 1.57079637  1.81416178]]
2024-06-23 10:15:35,736 - INFO - [[-1.57079637  4.9994998 ]
 [-1.56785512  4.9994998 ]
 [-1.5648967   4.9994998 ]
 ...
 [ 1.5648967   1.85771561]
 [ 1.56785512  1.85348952]
 [ 1.57079637  1.85893297]]
2024-06-23 10:15:35,835 - INFO - [[-1.57079637  4.9994998 ]
 [-1.56785512  4.9994998 ]
 [-1.5648967   4.9994998 ]
 ...
 [ 1.5648967   1.96189332]
 [ 1.56785512  1.95623183]
 [ 1.57079637  1.96197701]]
2024-06-23 10:15:35,933 - INFO - [[-1.57079637  4.9994998 ]
 [-1.56785512  4.9994998 ]
 [-1.5648967   4.9994998 ]
 ...
 [ 1.5648967   2.06036711]
 [ 1.56785512  2.05352616]
 [ 1.57079637  2.05955696]]
2024-06-23 10:15:36,034 - INFO - [[-1.57079637  4.9994998 ]
 [-1.56785512  4.9994998 ]
 [-1.5648967   4.9994998 ]
 ...
 [ 1.5648967   2.18768024]
 [ 1.56785512  2.17930937]
 [ 1.57079637  2.18570971]]
2024-06-23 10:15:36,135 - INFO - [[-1.57079637  4.97347641]
 [-1.56785512  4.97998428]
 [-1.5648967   4.96540213]
 ...
 [ 1.5648967   2.35143471]
 [ 1.56785512  2.34112668]
 [ 1.57079637  2.3480022 ]]
2024-06-23 10:15:36,283 - INFO - [[-1.57079637  4.96124983]
 [-1.56785512  4.96595526]
 [-1.5648967   4.95141459]
 ...
 [ 1.5648967   2.56374788]
 [ 1.56785512  2.55082822]
 [ 1.57079637  2.55831981]]
2024-06-23 10:15:36,429 - INFO - [[-1.57079637  2.66240382]
 [-1.56785512  2.67457962]
 [-1.5648967   2.66674805]
 ...
 [ 1.5648967   3.01343441]
 [ 1.56785512  2.99453497]
 [ 1.57079637  3.00332928]]
2024-06-23 10:15:36,535 - INFO - [[-1.57079637  2.44814873]
 [-1.56785512  2.45751667]
 [-1.5648967   2.45032072]
 ...
 [ 1.5648967   4.9994998 ]
 [ 1.56785512  4.9994998 ]
 [ 1.57079637  4.9994998 ]]
2024-06-23 10:15:36,634 - INFO - [[-1.57079637  2.39604998]
 [-1.56785512  2.40468192]
 [-1.5648967   2.39764071]
 ...
 [ 1.5648967   4.9994998 ]
 [ 1.56785512  4.9994998 ]
 [ 1.57079637  4.9994998 ]]
2024-06-23 10:15:36,730 - INFO - [[-1.57079637  2.39658689]
 [-1.56785512  2.4051702 ]
 [-1.5648967   2.39812756]
 ...
 [ 1.5648967   4.9994998 ]
 [ 1.56785512  4.9994998 ]
 [ 1.57079637  4.9994998 ]]
2024-06-23 10:15:36,838 - INFO - [[-1.57079637  2.43294692]
 [-1.56785512  2.44193029]
 [-1.5648967   2.43477988]
 ...
 [ 1.5648967   4.9994998 ]
 [ 1.56785512  4.9994998 ]
 [ 1.57079637  4.9994998 ]]
2024-06-23 10:15:36,933 - INFO - [[-1.57079637  2.44333935]
 [-1.56785512  2.45237446]
 [-1.5648967   2.44519377]
 ...
 [ 1.5648967   4.9994998 ]
 [ 1.56785512  4.9994998 ]
 [ 1.57079637  4.9994998 ]]
2024-06-23 10:15:37,077 - INFO - [[-1.57079637  2.41850615]
 [-1.56785512  2.42717505]
 [-1.5648967   2.42006803]
 ...
 [ 1.5648967   4.9994998 ]
 [ 1.56785512  4.9994998 ]
 [ 1.57079637  4.9994998 ]]
2024-06-23 10:15:37,135 - INFO - [[-1.57079637  2.35635614]
 [-1.56785512  2.36416936]
 [-1.5648967   2.35724664]
 ...
 [ 1.5648967   4.9994998 ]
 [ 1.56785512  4.9994998 ]
 [ 1.57079637  4.9994998 ]]
2024-06-23 10:15:37,233 - INFO - [[-1.57079637  2.26890969]
 [-1.56785512  2.27553964]
 [-1.5648967   2.26887655]
 ...
 [ 1.5648967   4.9994998 ]
 [ 1.56785512  4.9994998 ]
 [ 1.57079637  4.9994998 ]]
2024-06-23 10:15:37,333 - INFO - [[-1.57079637  2.1919806 ]
 [-1.56785512  2.19747305]
 [-1.5648967   2.19103837]
 ...
 [ 1.5648967   4.9994998 ]
 [ 1.56785512  4.9994998 ]
 [ 1.57079637  4.9994998 ]]
2024-06-23 10:15:37,434 - INFO - [[-1.57079637  2.13608003]
 [-1.56785512  2.14057612]
 [-1.5648967   2.13430834]
 ...
 [ 1.5648967   4.9994998 ]
 [ 1.56785512  4.9994998 ]
 [ 1.57079637  4.9994998 ]]
2024-06-23 10:15:37,536 - INFO - [[-1.57079637  2.09846807]
 [-1.56785512  2.10211802]
 [-1.5648967   2.09596276]
 ...
 [ 1.5648967   3.33265138]
 [ 1.56785512  3.33178782]
 [ 1.57079637  3.34157276]]
2024-06-23 10:15:37,638 - INFO - [[-1.57079637  2.07725596]
 [-1.56785512  2.08012128]
 [-1.5648967   2.0740304 ]
 ...
 [ 1.5648967   3.28742146]
 [ 1.56785512  3.28544593]
 [ 1.57079637  3.29509473]]
2024-06-23 10:15:37,734 - INFO - [[-1.57079637  2.07142305]
 [-1.56785512  2.07356954]
 [-1.5648967   2.06749773]
 ...
 [ 1.5648967   3.26958084]
 [ 1.56785512  3.26642752]
 [ 1.57079637  3.27602029]]
2024-06-23 10:15:37,834 - INFO - [[-1.57079637  2.08073115]
 [-1.56785512  2.08215165]
 [-1.5648967   2.07605481]
 ...
 [ 1.5648967   3.27850199]
 [ 1.56785512  3.27419901]
 [ 1.57079637  3.28381491]]
2024-06-23 10:15:37,938 - INFO - [[-1.57079637  2.10538673]
 [-1.56785512  2.10608244]
 [-1.5648967   2.0999155 ]
 ...
 [ 1.5648967   3.31467938]
 [ 1.56785512  3.30919862]
 [ 1.57079637  3.31891727]]
2024-06-23 10:15:38,073 - INFO - [[-1.57079637  2.14798379]
 [-1.56785512  2.14788342]
 [-1.5648967   2.14159417]
 ...
 [ 1.5648967   3.38226032]
 [ 1.56785512  3.37533784]
 [ 1.57079637  3.38525057]]
2024-06-23 10:15:38,136 - INFO - [[-1.57079637  2.20747447]
 [-1.56785512  2.20652056]
 [-1.5648967   2.20005965]
 ...
 [ 1.5648967   3.47988462]
 [ 1.56785512  3.47147274]
 [ 1.57079637  3.481668  ]]
2024-06-23 10:15:38,234 - INFO - [[-1.57079637  2.28739595]
 [-1.56785512  2.28548789]
 [-1.5648967   2.27879548]
 ...
 [ 1.5648967   3.61375594]
 [ 1.56785512  3.60348892]
 [ 1.57079637  3.61407185]]
2024-06-23 10:15:38,334 - INFO - [[-1.57079637  4.58385944]
 [-1.56785512  4.5915904 ]
 [-1.5648967   4.5781455 ]
 ...
 [ 1.5648967   3.79035711]
 [ 1.56785512  3.77792215]
 [ 1.57079637  3.78901744]]
2024-06-23 10:15:38,473 - INFO - [[-1.57079637  4.53517342]
 [-1.56785512  4.54124451]
 [-1.5648967   4.52794695]
 ...
 [ 1.5648967   4.9994998 ]
 [ 1.56785512  4.9994998 ]
 [ 1.57079637  4.9994998 ]]
2024-06-23 10:15:38,535 - INFO - [[-1.57079637  4.52175283]
 [-1.56785512  4.52621126]
 [-1.5648967   4.51295805]
 ...
 [ 1.5648967   4.9994998 ]
 [ 1.56785512  4.9994998 ]
 [ 1.57079637  4.9994998 ]]
2024-06-23 10:15:38,686 - INFO - [[-1.57079637  4.54249239]
 [-1.56785512  4.54540634]
 [-1.5648967   4.53209639]
 ...
 [ 1.5648967   4.9994998 ]
 [ 1.56785512  4.9994998 ]
 [ 1.57079637  4.9994998 ]]
2024-06-23 10:15:38,783 - INFO - [[-1.57079637  4.64003372]
 [-1.56785512  4.64053869]
 [-1.5648967   4.62695074]
 ...
 [ 1.5648967   4.9994998 ]
 [ 1.56785512  4.9994998 ]
 [ 1.57079637  4.9994998 ]]
2024-06-23 10:15:38,885 - INFO - [[-1.57079637  4.75302458]
 [-1.56785512  4.75166988]
 [-1.5648967   4.73775673]
 ...
 [ 1.5648967   3.81510711]
 [ 1.56785512  3.81898069]
 [ 1.57079637  3.83019638]]
2024-06-23 10:15:38,981 - INFO - [[-1.57079637  4.90955734]
 [-1.56785512  4.9063282 ]
 [-1.5648967   4.89196205]
 ...
 [ 1.5648967   3.65750861]
 [ 1.56785512  3.6596899 ]
 [ 1.57079637  3.67043781]]
2024-06-23 10:15:39,084 - INFO - [[-1.57079637  4.9994998 ]
 [-1.56785512  4.9994998 ]
 [-1.5648967   4.9994998 ]
 ...
 [ 1.5648967   3.5390079 ]
 [ 1.56785512  3.53974104]
 [ 1.57079637  3.55013657]]
2024-06-23 10:15:39,185 - INFO - [[-1.57079637  4.9994998 ]
 [-1.56785512  4.9994998 ]
 [-1.5648967   4.9994998 ]
 ...
 [ 1.5648967   3.45467329]
 [ 1.56785512  3.45410204]
 [ 1.57079637  3.46424627]]
2024-06-23 10:15:39,329 - INFO - [[-1.57079637  2.1225791 ]
 [-1.56785512  2.12570715]
 [-1.5648967   2.11948276]
 ...
 [ 1.5648967   3.40108371]
 [ 1.56785512  3.39927506]
 [ 1.57079637  3.40925813]]
2024-06-23 10:15:39,433 - INFO - [[-1.57079637  2.11354089]
 [-1.56785512  2.11554503]
 [-1.5648967   2.10935044]
 ...
 [ 1.5648967   3.37367582]
 [ 1.56785512  3.37011099]
 [ 1.57079637  3.38000846]]
2024-06-23 10:15:39,532 - INFO - [[-1.57079637  2.126863  ]
 [-1.56785512  2.12812495]
 [-1.5648967   2.12189364]
 ...
 [ 1.5648967   3.3899157 ]
 [ 1.56785512  3.3851943 ]
 [ 1.57079637  3.39513612]]
2024-06-23 10:15:39,633 - INFO - [[-1.57079637  2.15599346]
 [-1.56785512  2.15650463]
 [-1.5648967   2.15019011]
 ...
 [ 1.5648967   3.43453312]
 [ 1.56785512  3.42850709]
 [ 1.57079637  3.43857622]]
2024-06-23 10:15:39,785 - INFO - [[-1.57079637  2.20213437]
 [-1.56785512  2.20185113]
 [-1.5648967   2.19540381]
 ...
 [ 1.5648967   4.9994998 ]
 [ 1.56785512  4.9994998 ]
 [ 1.57079637  4.9994998 ]]
2024-06-23 10:15:39,929 - INFO - [[-1.57079637  2.3073554 ]
 [-1.56785512  2.30569696]
 [-1.5648967   2.29894567]
 ...
 [ 1.5648967   4.9994998 ]
 [ 1.56785512  4.9994998 ]
 [ 1.57079637  4.9994998 ]]
2024-06-23 10:15:40,085 - INFO - [[-1.57079637  2.46567154]
 [-1.56785512  2.4622829 ]
 [-1.5648967   2.45507288]
 ...
 [ 1.5648967   4.79166269]
 [ 1.56785512  4.79159164]
 [ 1.57079637  4.80566406]]
2024-06-23 10:15:40,225 - INFO - [[-1.57079637  2.69565058]
 [-1.56785512  2.68982434]
 [-1.5648967   2.68194818]
 ...
 [ 1.5648967   4.67577934]
 [ 1.56785512  4.67317486]
 [ 1.57079637  4.68689919]]
2024-06-23 10:15:40,335 - INFO - [[-1.57079637  3.03047323]
 [-1.56785512  3.02104282]
 [-1.5648967   3.01219678]
 ...
 [ 1.5648967   4.6471715 ]
 [ 1.56785512  4.64215469]
 [ 1.57079637  4.65578794]]
2024-06-23 10:15:40,434 - INFO - [[-1.57079637  3.34256482]
 [-1.56785512  3.32949924]
 [-1.5648967   3.31975007]
 ...
 [ 1.5648967   2.53514314]
 [ 1.56785512  2.54213357]
 [ 1.57079637  2.54959941]]
2024-06-23 10:15:40,531 - INFO - [[-1.57079637  4.9994998 ]
 [-1.56785512  4.9994998 ]
 [-1.5648967   4.9994998 ]
 ...
 [ 1.5648967   2.33537364]
 [ 1.56785512  2.34038162]
 [ 1.57079637  2.34725499]]
2024-06-23 10:15:40,635 - INFO - [[-1.57079637  4.9994998 ]
 [-1.56785512  4.9994998 ]
 [-1.5648967   4.9994998 ]
 ...
 [ 1.5648967   2.17936325]
 [ 1.56785512  2.18287754]
 [ 1.57079637  2.18928838]]
2024-06-23 10:15:40,735 - INFO - [[-1.57079637  4.9994998 ]
 [-1.56785512  4.9994998 ]
 [-1.5648967   4.9994998 ]
 ...
 [ 1.5648967   2.0573771 ]
 [ 1.56785512  2.05971336]
 [ 1.57079637  2.06576228]]
2024-06-23 10:15:40,925 - INFO - [[-1.57079637  4.9994998 ]
 [-1.56785512  4.9994998 ]
 [-1.5648967   4.9994998 ]
 ...
 [ 1.5648967   1.96261752]
 [ 1.56785512  1.9639951 ]
 [ 1.57079637  1.96976304]]
2024-06-23 10:15:41,034 - INFO - [[-1.57079637  3.65145493]
 [-1.56785512  3.65849757]
 [-1.5648967   3.64778519]
 ...
 [ 1.5648967   1.83780932]
 [ 1.56785512  1.83768046]
 [ 1.57079637  1.84307742]]
2024-06-23 10:15:41,130 - INFO - [[-1.57079637  3.59608865]
 [-1.56785512  3.60172391]
 [-1.5648967   3.59117746]
 ...
 [ 1.5648967   1.80234551]
 [ 1.56785512  1.80157697]
 [ 1.57079637  1.80686796]]
2024-06-23 10:15:41,232 - INFO - [[-1.57079637  3.56885195]
 [-1.56785512  3.57318544]
 [-1.5648967   3.56272268]
 ...
 [ 1.5648967   1.78273499]
 [ 1.56785512  1.78134036]
 [ 1.57079637  1.78657186]]
2024-06-23 10:15:41,332 - INFO - [[-1.57079637  3.56867361]
 [-1.56785512  3.57174873]
 [-1.5648967   3.56129026]
 ...
 [ 1.5648967   1.77833748]
 [ 1.56785512  1.7763263 ]
 [ 1.57079637  1.78154314]]
2024-06-23 10:15:41,434 - INFO - [[-1.57079637  3.59536386]
 [-1.56785512  3.59716868]
 [-1.5648967   3.58663583]
 ...
 [ 1.5648967   1.78903365]
 [ 1.56785512  1.78638327]
 [ 1.57079637  1.79162967]]
2024-06-23 10:15:41,578 - INFO - [[-1.57079637  3.64983511]
 [-1.56785512  3.6503582 ]
 [-1.5648967   3.63966942]
 ...
 [ 1.5648967   1.81539178]
 [ 1.56785512  1.81204569]
 [ 1.57079637  1.81736743]]
2024-06-23 10:15:41,685 - INFO - [[-1.57079637  3.78874898]
 [-1.56785512  3.78717923]
 [-1.5648967   3.77608991]
 ...
 [ 1.5648967   1.88697278]
 [ 1.56785512  1.88240957]
 [ 1.57079637  1.8879379 ]]
2024-06-23 10:15:41,830 - INFO - [[-1.57079637  3.92514133]
 [-1.56785512  3.92192364]
 [-1.5648967   3.91043949]
 ...
 [ 1.5648967   1.95930851]
 [ 1.56785512  1.9537766 ]
 [ 1.57079637  1.9595145 ]]
2024-06-23 10:15:41,973 - INFO - [[-1.57079637  4.9994998 ]
 [-1.56785512  4.9994998 ]
 [-1.5648967   4.9994998 ]
 ...
 [ 1.5648967   4.26446533]
 [ 1.56785512  4.2624588 ]
 [ 1.57079637  4.27497721]]
2024-06-23 10:15:42,083 - INFO - [[-1.57079637  4.9994998 ]
 [-1.56785512  4.9994998 ]
 [-1.5648967   4.9994998 ]
 ...
 [ 1.5648967   4.22859859]
 [ 1.56785512  4.22522259]
 [ 1.57079637  4.2376318 ]]
2024-06-23 10:15:42,185 - INFO - [[-1.57079637  4.9994998 ]
 [-1.56785512  4.9994998 ]
 [-1.5648967   4.9994998 ]
 ...
 [ 1.5648967   4.23955727]
 [ 1.56785512  4.23386145]
 [ 1.57079637  4.24629593]]
2024-06-23 10:15:42,286 - INFO - [[-1.57079637  4.9994998 ]
 [-1.56785512  4.9994998 ]
 [-1.5648967   4.9994998 ]
 ...
 [ 1.5648967   4.29027319]
 [ 1.56785512  4.28291464]
 [ 1.57079637  4.29549265]]
2024-06-23 10:15:42,383 - INFO - [[-1.57079637  4.1927824 ]
 [-1.56785512  4.20655775]
 [-1.5648967   4.19424057]
 ...
 [ 1.5648967   4.3779726 ]
 [ 1.56785512  4.36897469]
 [ 1.57079637  4.38180542]]
2024-06-23 10:15:42,484 - INFO - [[-1.57079637  4.01403761]
 [-1.56785512  4.02539635]
 [-1.5648967   4.01360941]
 ...
 [ 1.5648967   4.506742  ]
 [ 1.56785512  4.49568367]
 [ 1.57079637  4.50888681]]
2024-06-23 10:15:42,583 - INFO - [[-1.57079637  3.87874007]
 [-1.56785512  3.88810825]
 [-1.5648967   3.87672329]
 ...
 [ 1.5648967   4.68216181]
 [ 1.56785512  4.66877651]
 [ 1.57079637  4.68248796]]
2024-06-23 10:15:42,680 - INFO - [[-1.57079637  3.78078079]
 [-1.56785512  3.78845739]
 [-1.5648967   3.77736425]
 ...
 [ 1.5648967   4.9121871 ]
 [ 1.56785512  4.89596748]
 [ 1.57079637  4.91034603]]
2024-06-23 10:15:42,787 - INFO - [[-1.57079637  3.71518612]
 [-1.56785512  3.72143459]
 [-1.5648967   3.71053767]
 ...
 [ 1.5648967   4.9994998 ]
 [ 1.56785512  4.9994998 ]
 [ 1.57079637  4.9994998 ]]
2024-06-23 10:15:42,929 - INFO - [[-1.57079637  3.67864323]
 [-1.56785512  3.6835165 ]
 [-1.5648967   3.67273068]
 ...
 [ 1.5648967   1.82888007]
 [ 1.56785512  1.82763422]
 [ 1.57079637  1.83300161]]
2024-06-23 10:15:43,032 - INFO - [[-1.57079637  3.67548299]
 [-1.56785512  3.67837119]
 [-1.5648967   3.66760063]
 ...
 [ 1.5648967   1.82083189]
 [ 1.56785512  1.81865835]
 [ 1.57079637  1.82399952]]
2024-06-23 10:15:43,132 - INFO - [[-1.57079637  3.70733118]
 [-1.56785512  3.70900965]
 [-1.5648967   3.69814897]
 ...
 [ 1.5648967   1.83443296]
 [ 1.56785512  1.83158898]
 [ 1.57079637  1.83696806]]
2024-06-23 10:15:43,233 - INFO - [[-1.57079637  4.9994998 ]
 [-1.56785512  4.9994998 ]
 [-1.5648967   4.9994998 ]
 ...
 [ 1.5648967   1.86404967]
 [ 1.56785512  1.86050618]
 [ 1.57079637  1.86597013]]
2024-06-23 10:15:43,331 - INFO - [[-1.57079637  4.9994998 ]
 [-1.56785512  4.9994998 ]
 [-1.5648967   4.9994998 ]
 ...
 [ 1.5648967   1.91060412]
 [ 1.56785512  1.90624785]
 [ 1.57079637  1.91184628]]
2024-06-23 10:15:43,432 - INFO - [[-1.57079637  4.9994998 ]
 [-1.56785512  4.9994998 ]
 [-1.5648967   4.9994998 ]
 ...
 [ 1.5648967   1.97625911]
 [ 1.56785512  1.97098207]
 [ 1.57079637  1.97677064]]
2024-06-23 10:15:43,535 - INFO - [[-1.57079637  4.9994998 ]
 [-1.56785512  4.9994998 ]
 [-1.5648967   4.9994998 ]
 ...
 [ 1.5648967   2.06484818]
 [ 1.56785512  2.05844092]
 [ 1.57079637  2.06448627]]
2024-06-23 10:15:43,673 - INFO - [[-1.57079637  4.9994998 ]
 [-1.56785512  4.9994998 ]
 [-1.5648967   4.9994998 ]
 ...
 [ 1.5648967   2.18043566]
 [ 1.56785512  2.17267203]
 [ 1.57079637  2.17905283]]
2024-06-23 10:15:43,731 - INFO - [[-1.57079637  4.97856951]
 [-1.56785512  4.98592138]
 [-1.5648967   4.97132158]
 ...
 [ 1.5648967   2.33000088]
 [ 1.56785512  2.32044601]
 [ 1.57079637  2.32726073]]
2024-06-23 10:15:43,834 - INFO - [[-1.57079637  4.9479394 ]
 [-1.56785512  4.95350027]
 [-1.5648967   4.93899584]
 ...
 [ 1.5648967   2.52296281]
 [ 1.56785512  2.51109838]
 [ 1.57079637  2.51847291]]
2024-06-23 10:15:43,936 - INFO - [[-1.57079637  4.95447063]
 [-1.56785512  4.95833635]
 [-1.5648967   4.94381762]
 ...
 [ 1.5648967   2.77380466]
 [ 1.56785512  2.75877857]
 [ 1.57079637  2.76688075]]
2024-06-23 10:15:44,033 - INFO - [[-1.57079637  2.70533204]
 [-1.56785512  2.71768761]
 [-1.5648967   2.70972991]
 ...
 [ 1.5648967   3.10512567]
 [ 1.56785512  3.08559203]
 [ 1.57079637  3.09465384]]
2024-06-23 10:15:44,131 - INFO - [[-1.57079637  2.52967072]
 [-1.56785512  2.53971195]
 [-1.5648967   2.53227544]
 ...
 [ 1.5648967   4.9994998 ]
 [ 1.56785512  4.9994998 ]
 [ 1.57079637  4.9994998 ]]
