2024-07-21 20:15:24,668 - INFO - -----------------------SIMULACAO-----------------------
2024-07-21 20:16:52,996 - INFO - -----------------------SIMULACAO-----------------------
2024-07-21 20:17:16,093 - INFO - Controle: P, dt: 0.05, Kp: 0.2, Kd: 0.02, Ki: 0.002, Desvio X: 0.027885572984814644, Desvio Y: 0
2024-07-21 20:17:39,196 - INFO - Controle: P, dt: 0.05, Kp: 0.2, Kd: 0.02, Ki: 0.002, Desvio X: 0, Desvio Y: 3.0049021244049072
2024-07-21 20:18:03,096 - INFO - Controle: P, dt: 0.05, Kp: 0.2, Kd: 0.02, Ki: 0.002, Desvio X: 3.0632777214050293, Desvio Y: 0
2024-07-21 20:18:26,197 - INFO - Controle: P, dt: 0.05, Kp: 0.2, Kd: 0.02, Ki: 0.002, Desvio X: 0, Desvio Y: 0.06953860074281693
2024-07-21 20:18:26,198 - INFO - Tempo da volta:93.20152354240417
2024-07-21 20:18:26,198 - INFO - -----------------------SIMULACAO-----------------------
2024-07-21 20:18:50,193 - INFO - Controle: PD, dt: 0.05, Kp: 0.2, Kd: 0.02, Ki: 0.002, Desvio X: 0.029268339276313782, Desvio Y: 0
2024-07-21 20:19:14,208 - INFO - Controle: PD, dt: 0.05, Kp: 0.2, Kd: 0.02, Ki: 0.002, Desvio X: 0, Desvio Y: 3.0035133361816406
2024-07-21 20:19:38,963 - INFO - Controle: PD, dt: 0.05, Kp: 0.2, Kd: 0.02, Ki: 0.002, Desvio X: 3.0652174949645996, Desvio Y: 0
2024-07-21 20:20:03,065 - INFO - Controle: PD, dt: 0.05, Kp: 0.2, Kd: 0.02, Ki: 0.002, Desvio X: 0, Desvio Y: 0.0655767172574997
2024-07-21 20:20:03,065 - INFO - Tempo da volta:96.86726880073547
2024-07-21 20:20:03,065 - INFO - -----------------------SIMULACAO-----------------------
2024-07-21 20:20:20,959 - INFO - Controle: PID, dt: 0.05, Kp: 0.2, Kd: 0.02, Ki: 0.002, Desvio X: 0.02912876196205616, Desvio Y: 0
2024-07-21 20:20:38,856 - INFO - Controle: PID, dt: 0.05, Kp: 0.2, Kd: 0.02, Ki: 0.002, Desvio X: 0, Desvio Y: 3.0088536739349365
2024-07-21 20:20:57,857 - INFO - Controle: PID, dt: 0.05, Kp: 0.2, Kd: 0.02, Ki: 0.002, Desvio X: 3.0822157859802246, Desvio Y: 0
2024-07-21 20:21:15,863 - INFO - Controle: PID, dt: 0.05, Kp: 0.2, Kd: 0.02, Ki: 0.002, Desvio X: 0, Desvio Y: 0.08627493679523468
2024-07-21 20:21:15,863 - INFO - Tempo da volta:72.79787516593933
2024-07-21 20:48:45,128 - INFO - -----------------------SIMULACAO-----------------------
2024-07-21 20:49:08,226 - INFO - Controle: P, dt: 0.05, Kp: 0.2, Kd: 0.02, Ki: 0.002, Desvio X: 0.02848610281944275, Desvio Y: 0
2024-07-21 20:49:31,326 - INFO - Controle: P, dt: 0.05, Kp: 0.2, Kd: 0.02, Ki: 0.002, Desvio X: 0, Desvio Y: 3.0050644874572754
2024-07-21 20:50:53,417 - INFO - -----------------------SIMULACAO-----------------------
2024-07-21 20:51:16,517 - INFO - Controle: P, dt: 0.05, Kp: 0.2, Kd: 0.02, Ki: 0.002, Desvio X: 0.027532069012522697, Desvio Y: 0
2024-07-21 20:51:39,616 - INFO - Controle: P, dt: 0.05, Kp: 0.2, Kd: 0.02, Ki: 0.002, Desvio X: 0, Desvio Y: 3.0049057006835938
2024-07-21 20:52:03,519 - INFO - Controle: P, dt: 0.05, Kp: 0.2, Kd: 0.02, Ki: 0.002, Desvio X: 3.063534736633301, Desvio Y: 0
2024-07-21 20:52:26,616 - INFO - Controle: P, dt: 0.05, Kp: 0.2, Kd: 0.02, Ki: 0.002, Desvio X: 0, Desvio Y: 0.06963321566581726
2024-07-21 20:52:26,616 - INFO - Tempo da volta:93.19903588294983
2024-07-21 20:52:26,616 - INFO - -----------------------SIMULACAO-----------------------
2024-07-21 20:52:50,613 - INFO - Controle: PD, dt: 0.05, Kp: 0.2, Kd: 0.02, Ki: 0.002, Desvio X: 0.029262857511639595, Desvio Y: 0
2024-07-21 20:53:14,609 - INFO - Controle: PD, dt: 0.05, Kp: 0.2, Kd: 0.02, Ki: 0.002, Desvio X: 0, Desvio Y: 3.0033881664276123
2024-07-21 20:53:39,310 - INFO - Controle: PD, dt: 0.05, Kp: 0.2, Kd: 0.02, Ki: 0.002, Desvio X: 3.065417528152466, Desvio Y: 0
2024-07-21 20:54:03,410 - INFO - Controle: PD, dt: 0.05, Kp: 0.2, Kd: 0.02, Ki: 0.002, Desvio X: 0, Desvio Y: 0.0648873969912529
2024-07-21 20:54:03,410 - INFO - Tempo da volta:96.79370617866516
2024-07-21 20:54:03,410 - INFO - -----------------------SIMULACAO-----------------------
2024-07-21 20:54:21,313 - INFO - Controle: PID, dt: 0.05, Kp: 0.2, Kd: 0.02, Ki: 0.002, Desvio X: 0.029275432229042053, Desvio Y: 0
2024-07-21 20:54:39,228 - INFO - Controle: PID, dt: 0.05, Kp: 0.2, Kd: 0.02, Ki: 0.002, Desvio X: 0, Desvio Y: 3.008955240249634
2024-07-21 20:54:58,209 - INFO - Controle: PID, dt: 0.05, Kp: 0.2, Kd: 0.02, Ki: 0.002, Desvio X: 3.082228899002075, Desvio Y: 0
2024-07-21 20:55:16,221 - INFO - Controle: PID, dt: 0.05, Kp: 0.2, Kd: 0.02, Ki: 0.002, Desvio X: 0, Desvio Y: 0.08572884649038315
2024-07-21 20:55:16,222 - INFO - Tempo da volta:72.81174564361572
