2024-06-19 17:20:08,515 - INFO - []
2024-06-19 17:22:10,275 - INFO - []
2024-06-19 17:22:17,279 - INFO - [[-1.57079637  4.9994998 ]
 [-1.56785512  4.9994998 ]
 [-1.5648967   4.9994998 ]
 ...
 [ 1.5648967   4.15052986]
 [ 1.56785512  4.14548635]
 [ 1.57079637  4.15766096]]
2024-06-19 17:24:22,771 - INFO - []
2024-06-19 17:24:29,776 - INFO - [[-1.57079637  4.9994998 ]
 [-1.56785512  4.9994998 ]
 [-1.5648967   4.9994998 ]
 ...
 [ 1.5648967   4.05138063]
 [ 1.56785512  4.04639673]
 [ 1.57079637  4.05828047]]
2024-06-19 17:24:47,430 - INFO - [[-1.57079637  4.9994998 ]
 [-1.56785512  4.9994998 ]
 [-1.5648967   4.9994998 ]
 ...
 [ 1.5648967   1.38064492]
 [ 1.56785512  1.3741461 ]
 [ 1.57079637  1.37818182]]
2024-06-19 17:24:53,205 - INFO - []
2024-06-19 17:24:53,580 - INFO - []
2024-06-19 17:28:39,611 - INFO - []
2024-06-19 17:28:39,669 - INFO - [[-1.57079637  2.51983786]
 [-1.56785512  2.53238487]
 [-1.5648967   2.52496982]
 ...
 [ 1.5648967   2.83961725]
 [ 1.56785512  2.82334018]
 [ 1.57079637  2.8316319 ]]
2024-06-19 17:28:39,811 - INFO - [[-1.57079637  2.5268321 ]
 [-1.56785512  2.53934932]
 [-1.5648967   2.53191376]
 ...
 [ 1.5648967   2.87023783]
 [ 1.56785512  2.85367203]
 [ 1.57079637  2.86205292]]
2024-06-19 17:28:39,871 - INFO - [[-1.57079637  2.54862714]
 [-1.56785512  2.56121182]
 [-1.5648967   2.55371237]
 ...
 [ 1.5648967   2.91233349]
 [ 1.56785512  2.89653182]
 [ 1.57079637  2.90503836]]
2024-06-19 17:28:39,967 - INFO - [[-1.57079637  2.57789612]
 [-1.56785512  2.59060812]
 [-1.5648967   2.58302236]
 ...
 [ 1.5648967   4.67054272]
 [ 1.56785512  4.66408014]
 [ 1.57079637  4.67777777]]
2024-06-19 17:28:40,069 - INFO - [[-1.57079637  2.6071775 ]
 [-1.56785512  2.62001085]
 [-1.5648967   2.61233926]
 ...
 [ 1.5648967   4.67300558]
 [ 1.56785512  4.66663122]
 [ 1.57079637  4.68033648]]
2024-06-19 17:28:40,171 - INFO - [[-1.57079637  2.63716459]
 [-1.56785512  2.65018773]
 [-1.5648967   2.64242768]
 ...
 [ 1.5648967   4.6750598 ]
 [ 1.56785512  4.66867399]
 [ 1.57079637  4.68238497]]
2024-06-19 17:28:40,268 - INFO - [[-1.57079637  2.65674973]
 [-1.56785512  2.66979218]
 [-1.5648967   2.66197467]
 ...
 [ 1.5648967   4.67876291]
 [ 1.56785512  4.67225313]
 [ 1.57079637  4.68597507]]
2024-06-19 17:28:40,369 - INFO - [[-1.57079637  2.67054653]
 [-1.56785512  2.68353009]
 [-1.5648967   2.67567253]
 ...
 [ 1.5648967   4.68381166]
 [ 1.56785512  4.67717123]
 [ 1.57079637  4.69090748]]
2024-06-19 17:28:40,466 - INFO - [[-1.57079637  2.68293905]
 [-1.56785512  2.69584179]
 [-1.5648967   2.68794799]
 ...
 [ 1.5648967   4.6895957 ]
 [ 1.56785512  4.68292189]
 [ 1.57079637  4.69667482]]
2024-06-19 17:28:40,568 - INFO - [[-1.57079637  2.69507337]
 [-1.56785512  2.70792341]
 [-1.5648967   2.69999433]
 ...
 [ 1.5648967   4.69539309]
 [ 1.56785512  4.68858337]
 [ 1.57079637  4.70235252]]
2024-06-19 17:28:40,670 - INFO - [[-1.57079637  2.6970098 ]
 [-1.56785512  2.7096436 ]
 [-1.5648967   2.70170927]
 ...
 [ 1.5648967   4.7037015 ]
 [ 1.56785512  4.6966362 ]
 [ 1.57079637  4.71042967]]
2024-06-19 17:28:40,767 - INFO - [[-1.57079637  2.71805024]
 [-1.56785512  2.73076987]
 [-1.5648967   2.72277379]
 ...
 [ 1.5648967   4.70901299]
 [ 1.56785512  4.70191574]
 [ 1.57079637  4.71572447]]
2024-06-19 17:28:40,912 - INFO - [[-1.57079637  2.74917293]
 [-1.56785512  2.76206517]
 [-1.5648967   2.75397754]
 ...
 [ 1.5648967   4.71214294]
 [ 1.56785512  4.70502758]
 [ 1.57079637  4.71884537]]
2024-06-19 17:28:41,020 - INFO - [[-1.57079637  2.79033899]
 [-1.56785512  2.80337644]
 [-1.5648967   2.79516768]
 ...
 [ 1.5648967   4.71778774]
 [ 1.56785512  4.71074247]
 [ 1.57079637  4.72457695]]
2024-06-19 17:28:41,120 - INFO - [[-1.57079637  2.81753469]
 [-1.56785512  2.83072186]
 [-1.5648967   2.82243299]
 ...
 [ 1.5648967   4.72145367]
 [ 1.56785512  4.71438694]
 [ 1.57079637  4.72823238]]
2024-06-19 17:28:41,221 - INFO - [[-1.57079637  2.84477377]
 [-1.56785512  2.85810757]
 [-1.5648967   2.8497386 ]
 ...
 [ 1.5648967   4.7253356 ]
 [ 1.56785512  4.71824551]
 [ 1.57079637  4.73210192]]
2024-06-19 17:28:41,317 - INFO - [[-1.57079637  2.87200475]
 [-1.56785512  2.88544321]
 [-1.5648967   2.87699413]
 ...
 [ 1.5648967   4.72890759]
 [ 1.56785512  4.72190142]
 [ 1.57079637  4.7357688 ]]
2024-06-19 17:28:41,419 - INFO - [[-1.57079637  2.89925098]
 [-1.56785512  2.91282892]
 [-1.5648967   2.90429974]
 ...
 [ 1.5648967   4.73269558]
 [ 1.56785512  4.725667  ]
 [ 1.57079637  4.73954582]]
2024-06-19 17:28:41,517 - INFO - [[-1.57079637  2.92653894]
 [-1.56785512  2.94025326]
 [-1.5648967   2.93164372]
 ...
 [ 1.5648967   4.73638487]
 [ 1.56785512  4.72922993]
 [ 1.57079637  4.74311876]]
2024-06-19 17:28:41,619 - INFO - [[-1.57079637  2.95373321]
 [-1.56785512  2.96757889]
 [-1.5648967   2.95888948]
 ...
 [ 1.5648967   4.74018478]
 [ 1.56785512  4.73311234]
 [ 1.57079637  4.74701262]]
2024-06-19 17:28:41,765 - INFO - [[-1.57079637  2.9810226 ]
 [-1.56785512  2.99499702]
 [-1.5648967   2.98622727]
 ...
 [ 1.5648967   4.74388599]
 [ 1.56785512  4.73679113]
 [ 1.57079637  4.75070238]]
2024-06-19 17:28:41,867 - INFO - [[-1.57079637  4.9994998 ]
 [-1.56785512  4.9994998 ]
 [-1.5648967   4.9994998 ]
 ...
 [ 1.5648967   4.74939489]
 [ 1.56785512  4.74226809]
 [ 1.57079637  4.75619507]]
2024-06-19 17:28:42,019 - INFO - [[-1.57079637  4.9994998 ]
 [-1.56785512  4.9994998 ]
 [-1.5648967   4.9994998 ]
 ...
 [ 1.5648967   4.75310946]
 [ 1.56785512  4.74596119]
 [ 1.57079637  4.75989914]]
2024-06-19 17:28:42,121 - INFO - [[-1.57079637  4.9994998 ]
 [-1.56785512  4.9994998 ]
 [-1.5648967   4.9994998 ]
 ...
 [ 1.5648967   4.75874662]
 [ 1.56785512  4.75166988]
 [ 1.57079637  4.765625  ]]
2024-06-19 17:28:42,217 - INFO - [[-1.57079637  4.9994998 ]
 [-1.56785512  4.9994998 ]
 [-1.5648967   4.9994998 ]
 ...
 [ 1.5648967   4.76247644]
 [ 1.56785512  4.75537729]
 [ 1.57079637  4.76934338]]
2024-06-19 17:28:42,316 - INFO - [[-1.57079637  4.9994998 ]
 [-1.56785512  4.9994998 ]
 [-1.5648967   4.9994998 ]
 ...
 [ 1.5648967   4.76621199]
 [ 1.56785512  4.75909138]
 [ 1.57079637  4.77306843]]
2024-06-19 17:28:42,419 - INFO - [[-1.57079637  4.9994998 ]
 [-1.56785512  4.9994998 ]
 [-1.5648967   4.9994998 ]
 ...
 [ 1.5648967   4.76984692]
 [ 1.56785512  4.76270437]
 [ 1.57079637  4.77669191]]
2024-06-19 17:28:42,521 - INFO - [[-1.57079637  4.9994998 ]
 [-1.56785512  4.9994998 ]
 [-1.5648967   4.9994998 ]
 ...
 [ 1.5648967   4.77348661]
 [ 1.56785512  4.76642942]
 [ 1.57079637  4.78042746]]
2024-06-19 17:28:42,621 - INFO - [[-1.57079637  4.9994998 ]
 [-1.56785512  4.9994998 ]
 [-1.5648967   4.9994998 ]
 ...
 [ 1.5648967   4.77745438]
 [ 1.56785512  4.77026701]
 [ 1.57079637  4.78427649]]
2024-06-19 17:28:42,716 - INFO - [[-1.57079637  4.9994998 ]
 [-1.56785512  4.9994998 ]
 [-1.5648967   4.9994998 ]
 ...
 [ 1.5648967   4.781106  ]
 [ 1.56785512  4.77400398]
 [ 1.57079637  4.78802443]]
2024-06-19 17:28:42,816 - INFO - [[-1.57079637  4.9994998 ]
 [-1.56785512  4.9994998 ]
 [-1.5648967   4.9994998 ]
 ...
 [ 1.5648967   4.78476334]
 [ 1.56785512  4.77763939]
 [ 1.57079637  4.7916708 ]]
2024-06-19 17:28:42,918 - INFO - [[-1.57079637  4.9994998 ]
 [-1.56785512  4.9994998 ]
 [-1.5648967   4.9994998 ]
 ...
 [ 1.5648967   4.78864145]
 [ 1.56785512  4.78149509]
 [ 1.57079637  4.79553747]]
2024-06-19 17:28:43,060 - INFO - [[-1.57079637  4.9994998 ]
 [-1.56785512  4.9994998 ]
 [-1.5648967   4.9994998 ]
 ...
 [ 1.5648967   4.79231071]
 [ 1.56785512  4.78514242]
 [ 1.57079637  4.79919577]]
2024-06-19 17:28:43,121 - INFO - [[-1.57079637  4.9994998 ]
 [-1.56785512  4.9994998 ]
 [-1.5648967   4.9994998 ]
 ...
 [ 1.5648967   4.7958765 ]
 [ 1.56785512  4.78868771]
 [ 1.57079637  4.80275154]]
2024-06-19 17:28:43,369 - INFO - [[-1.57079637  4.9994998 ]
 [-1.56785512  4.9994998 ]
 [-1.5648967   4.9994998 ]
 ...
 [ 1.5648967   4.79934025]
 [ 1.56785512  4.79234552]
 [ 1.57079637  4.80641985]]
2024-06-19 17:28:43,470 - INFO - [[-1.57079637  4.9994998 ]
 [-1.56785512  4.9994998 ]
 [-1.5648967   4.9994998 ]
 ...
 [ 1.5648967   4.79609299]
 [ 1.56785512  4.7892251 ]
 [ 1.57079637  4.80329037]]
2024-06-19 17:28:43,621 - INFO - [[-1.57079637  4.9994998 ]
 [-1.56785512  4.9994998 ]
 [-1.5648967   4.9994998 ]
 ...
 [ 1.5648967   4.80226612]
 [ 1.56785512  4.79525471]
 [ 1.57079637  4.80933762]]
2024-06-19 17:28:43,718 - INFO - [[-1.57079637  4.9994998 ]
 [-1.56785512  4.9994998 ]
 [-1.5648967   4.9994998 ]
 ...
 [ 1.5648967   4.84030151]
 [ 1.56785512  4.83208084]
 [ 1.57079637  4.84627151]]
2024-06-19 17:28:43,864 - INFO - [[-1.57079637  4.9994998 ]
 [-1.56785512  4.9994998 ]
 [-1.5648967   4.9994998 ]
 ...
 [ 1.5648967   4.89297438]
 [ 1.56785512  4.88374805]
 [ 1.57079637  4.89809084]]
2024-06-19 17:28:43,968 - INFO - [[-1.57079637  2.99592638]
 [-1.56785512  3.0064373 ]
 [-1.5648967   2.99763417]
 ...
 [ 1.5648967   4.9994998 ]
 [ 1.56785512  4.99608183]
 [ 1.57079637  4.9994998 ]]
2024-06-19 17:28:44,069 - INFO - [[-1.57079637  2.89925098]
 [-1.56785512  2.90853906]
 [-1.5648967   2.90002251]
 ...
 [ 1.5648967   4.9994998 ]
 [ 1.56785512  4.9994998 ]
 [ 1.57079637  4.9994998 ]]
2024-06-19 17:28:44,208 - INFO - [[-1.57079637  2.82058096]
 [-1.56785512  2.82884455]
 [-1.5648967   2.82056141]
 ...
 [ 1.5648967   4.9994998 ]
 [ 1.56785512  4.9994998 ]
 [ 1.57079637  4.9994998 ]]
2024-06-19 17:28:44,266 - INFO - [[-1.57079637  2.7524271 ]
 [-1.56785512  2.75977802]
 [-1.5648967   2.75169706]
 ...
 [ 1.5648967   3.03927326]
 [ 1.56785512  4.9994998 ]
 [ 1.57079637  4.9994998 ]]
2024-06-19 17:28:44,407 - INFO - [[-1.57079637  2.69259691]
 [-1.56785512  2.69904852]
 [-1.5648967   2.69114542]
 ...
 [ 1.5648967   2.96714592]
 [ 1.56785512  2.96832275]
 [ 1.57079637  2.97704029]]
2024-06-19 17:28:44,471 - INFO - [[-1.57079637  2.6438458 ]
 [-1.56785512  2.64949656]
 [-1.5648967   2.64173841]
 ...
 [ 1.5648967   2.91105795]
 [ 1.56785512  2.91143703]
 [ 1.57079637  2.91998744]]
2024-06-19 17:28:44,615 - INFO - [[-1.57079637  2.60593891]
 [-1.56785512  2.61087108]
 [-1.5648967   2.60322618]
 ...
 [ 1.5648967   2.86660099]
 [ 1.56785512  2.86628819]
 [ 1.57079637  2.87470579]]
2024-06-19 17:28:44,671 - INFO - [[-1.57079637  2.57805133]
 [-1.56785512  2.58229661]
 [-1.5648967   2.5747354 ]
 ...
 [ 1.5648967   2.83296013]
 [ 1.56785512  2.83196211]
 [ 1.57079637  2.8402791 ]]
2024-06-19 17:28:44,773 - INFO - [[-1.57079637  2.55975842]
 [-1.56785512  2.56336641]
 [-1.5648967   2.55586052]
 ...
 [ 1.5648967   2.80956912]
 [ 1.56785512  2.80791593]
 [ 1.57079637  2.81616235]]
2024-06-19 17:28:44,873 - INFO - [[-1.57079637  2.55054188]
 [-1.56785512  2.55354619]
 [-1.5648967   2.54606891]
 ...
 [ 1.5648967   2.7961235 ]
 [ 1.56785512  2.79382968]
 [ 1.57079637  2.80203462]]
2024-06-19 17:28:44,969 - INFO - [[-1.57079637  2.55032873]
 [-1.56785512  2.55272102]
 [-1.5648967   2.54524636]
 ...
 [ 1.5648967   2.79226875]
 [ 1.56785512  2.78929949]
 [ 1.57079637  2.79749107]]
2024-06-19 17:28:45,066 - INFO - [[-1.57079637  2.55908489]
 [-1.56785512  2.56090426]
 [-1.5648967   2.55340552]
 ...
 [ 1.5648967   2.79807305]
 [ 1.56785512  2.79448843]
 [ 1.57079637  2.80269527]]
2024-06-19 17:28:45,168 - INFO - [[-1.57079637  2.57684064]
 [-1.56785512  2.57808328]
 [-1.5648967   2.57053423]
 ...
 [ 1.5648967   2.81373262]
 [ 1.56785512  2.80943227]
 [ 1.57079637  2.81768322]]
2024-06-19 17:28:45,267 - INFO - [[-1.57079637  2.60403562]
 [-1.56785512  2.60462189]
 [-1.5648967   2.59699535]
 ...
 [ 1.5648967   2.83939004]
 [ 1.56785512  2.83437037]
 [ 1.57079637  2.84269452]]
2024-06-19 17:28:45,369 - INFO - [[-1.57079637  2.64100623]
 [-1.56785512  2.64096713]
 [-1.5648967   2.63323402]
 ...
 [ 1.5648967   2.87563252]
 [ 1.56785512  2.86983633]
 [ 1.57079637  2.87826443]]
2024-06-19 17:28:45,471 - INFO - [[-1.57079637  2.68840122]
 [-1.56785512  2.68772316]
 [-1.5648967   2.6798532 ]
 ...
 [ 1.5648967   2.92310143]
 [ 1.56785512  2.91649318]
 [ 1.57079637  2.92505836]]
2024-06-19 17:28:45,567 - INFO - [[-1.57079637  2.74723101]
 [-1.56785512  2.74578047]
 [-1.5648967   2.73774052]
 ...
 [ 1.5648967   2.98275137]
 [ 1.56785512  2.97523689]
 [ 1.57079637  2.9839747 ]]
2024-06-19 17:28:45,670 - INFO - [[-1.57079637  2.81846261]
 [-1.56785512  2.81622028]
 [-1.5648967   2.80797386]
 ...
 [ 1.5648967   3.05595613]
 [ 1.56785512  3.04741502]
 [ 1.57079637  3.05636477]]
2024-06-19 17:28:45,772 - INFO - [[-1.57079637  4.44213057]
 [-1.56785512  4.45037794]
 [-1.5648967   4.43734646]
 ...
 [ 1.5648967   3.14409924]
 [ 1.56785512  3.1343801 ]
 [ 1.57079637  3.14358544]]
2024-06-19 17:28:45,912 - INFO - [[-1.57079637  4.3953104 ]
 [-1.56785512  4.4023385 ]
 [-1.5648967   4.38944769]
 ...
 [ 1.5648967   3.24929953]
 [ 1.56785512  3.23830914]
 [ 1.57079637  3.24781966]]
2024-06-19 17:28:46,020 - INFO - [[-1.57079637  4.35513353]
 [-1.56785512  4.36057854]
 [-1.5648967   4.34781027]
 ...
 [ 1.5648967   4.9994998 ]
 [ 1.56785512  4.9994998 ]
 [ 1.57079637  4.9994998 ]]
2024-06-19 17:28:46,118 - INFO - [[-1.57079637  4.34752131]
 [-1.56785512  4.35203791]
 [-1.5648967   4.33929443]
 ...
 [ 1.5648967   4.9994998 ]
 [ 1.56785512  4.9994998 ]
 [ 1.57079637  4.9994998 ]]
2024-06-19 17:28:46,466 - INFO - [[-1.57079637  4.39702654]
 [-1.56785512  4.39888859]
 [-1.5648967   4.38600826]
 ...
 [ 1.5648967   4.9994998 ]
 [ 1.56785512  4.9994998 ]
 [ 1.57079637  4.9994998 ]]
2024-06-19 17:28:46,569 - INFO - [[-1.57079637  4.39684582]
 [-1.56785512  4.39879799]
 [-1.5648967   4.38591766]
 ...
 [ 1.5648967   4.9994998 ]
 [ 1.56785512  4.9994998 ]
 [ 1.57079637  4.9994998 ]]
2024-06-19 17:28:46,671 - INFO - [[-1.57079637  4.39540052]
 [-1.56785512  4.39734697]
 [-1.5648967   4.38447094]
 ...
 [ 1.5648967   4.9994998 ]
 [ 1.56785512  4.9994998 ]
 [ 1.57079637  4.9994998 ]]
2024-06-19 17:28:46,771 - INFO - [[-1.57079637  4.39341402]
 [-1.56785512  4.39526272]
 [-1.5648967   4.38239288]
 ...
 [ 1.5648967   4.9994998 ]
 [ 1.56785512  4.9994998 ]
 [ 1.57079637  4.9994998 ]]
2024-06-19 17:28:46,868 - INFO - [[-1.57079637  4.38818741]
 [-1.56785512  4.39001656]
 [-1.5648967   4.37716198]
 ...
 [ 1.5648967   4.9994998 ]
 [ 1.56785512  4.9994998 ]
 [ 1.57079637  4.9994998 ]]
2024-06-19 17:28:46,971 - INFO - [[-1.57079637  4.38126755]
 [-1.56785512  4.38316011]
 [-1.5648967   4.37032557]
 ...
 [ 1.5648967   4.9994998 ]
 [ 1.56785512  4.9994998 ]
 [ 1.57079637  4.9994998 ]]
2024-06-19 17:28:47,069 - INFO - [[-1.57079637  4.37642717]
 [-1.56785512  4.37839127]
 [-1.5648967   4.36557102]
 ...
 [ 1.5648967   4.9994998 ]
 [ 1.56785512  4.9994998 ]
 [ 1.57079637  4.9994998 ]]
2024-06-19 17:28:47,167 - INFO - [[-1.57079637  4.37249136]
 [-1.56785512  4.37444019]
 [-1.5648967   4.36163139]
 ...
 [ 1.5648967   4.9994998 ]
 [ 1.56785512  4.9994998 ]
 [ 1.57079637  4.9994998 ]]
2024-06-19 17:28:47,269 - INFO - [[-1.57079637  4.36856222]
 [-1.56785512  4.37049675]
 [-1.5648967   4.35769939]
 ...
 [ 1.5648967   4.9994998 ]
 [ 1.56785512  4.9994998 ]
 [ 1.57079637  4.9994998 ]]
2024-06-19 17:28:47,377 - INFO - [[-1.57079637  4.36446238]
 [-1.56785512  4.36638069]
 [-1.5648967   4.35359573]
 ...
 [ 1.5648967   4.9994998 ]
 [ 1.56785512  4.9994998 ]
 [ 1.57079637  4.9994998 ]]
2024-06-19 17:28:47,486 - INFO - [[-1.57079637  4.36028147]
 [-1.56785512  4.36218405]
 [-1.5648967   4.34941101]
 ...
 [ 1.5648967   4.9994998 ]
 [ 1.56785512  4.9994998 ]
 [ 1.57079637  4.9994998 ]]
2024-06-19 17:28:47,583 - INFO - [[-1.57079637  4.35628605]
 [-1.56785512  4.35817337]
 [-1.5648967   4.34541225]
 ...
 [ 1.5648967   4.9994998 ]
 [ 1.56785512  4.9994998 ]
 [ 1.57079637  4.9994998 ]]
2024-06-19 17:28:47,669 - INFO - [[-1.57079637  4.35212088]
 [-1.56785512  4.35408115]
 [-1.5648967   4.34133148]
 ...
 [ 1.5648967   4.9994998 ]
 [ 1.56785512  4.9994998 ]
 [ 1.57079637  4.9994998 ]]
2024-06-19 17:28:47,785 - INFO - [[-1.57079637  4.34805202]
 [-1.56785512  4.34999609]
 [-1.5648967   4.33725882]
 ...
 [ 1.5648967   4.9994998 ]
 [ 1.56785512  4.9994998 ]
 [ 1.57079637  4.9994998 ]]
2024-06-19 17:28:47,885 - INFO - [[-1.57079637  4.34390211]
 [-1.56785512  4.34583092]
 [-1.5648967   4.33310556]
 ...
 [ 1.5648967   4.9994998 ]
 [ 1.56785512  4.9994998 ]
 [ 1.57079637  4.9994998 ]]
2024-06-19 17:28:47,986 - INFO - [[-1.57079637  4.3397603 ]
 [-1.56785512  4.3416729 ]
 [-1.5648967   4.32895994]
 ...
 [ 1.5648967   4.9994998 ]
 [ 1.56785512  4.9994998 ]
 [ 1.57079637  4.9994998 ]]
2024-06-19 17:28:48,112 - INFO - [[-1.57079637  4.33571386]
 [-1.56785512  4.33761168]
 [-1.5648967   4.32491064]
 ...
 [ 1.5648967   4.9994998 ]
 [ 1.56785512  4.9994998 ]
 [ 1.57079637  4.9994998 ]]
2024-06-19 17:28:48,183 - INFO - [[-1.57079637  4.33158779]
 [-1.56785512  4.33346987]
 [-1.5648967   4.32078075]
 ...
 [ 1.5648967   4.9994998 ]
 [ 1.56785512  4.9994998 ]
 [ 1.57079637  4.9994998 ]]
2024-06-19 17:28:48,268 - INFO - [[-1.57079637  4.32738209]
 [-1.56785512  4.32933617]
 [-1.5648967   4.31665897]
 ...
 [ 1.5648967   4.9994998 ]
 [ 1.56785512  4.9994998 ]
 [ 1.57079637  4.9994998 ]]
2024-06-19 17:28:48,386 - INFO - [[-1.57079637  4.32335949]
 [-1.56785512  4.32521009]
 [-1.5648967   4.3125453 ]
 ...
 [ 1.5648967   4.9994998 ]
 [ 1.56785512  4.9994998 ]
 [ 1.57079637  4.9994998 ]]
2024-06-19 17:28:48,487 - INFO - [[-1.57079637  4.31916952]
 [-1.56785512  4.32109165]
 [-1.5648967   4.30843878]
 ...
 [ 1.5648967   4.9994998 ]
 [ 1.56785512  4.9994998 ]
 [ 1.57079637  4.9994998 ]]
2024-06-19 17:28:48,632 - INFO - [[-1.57079637  4.31516171]
 [-1.56785512  4.31706858]
 [-1.5648967   4.30442715]
 ...
 [ 1.5648967   4.9994998 ]
 [ 1.56785512  4.9994998 ]
 [ 1.57079637  4.9994998 ]]
2024-06-19 17:28:48,737 - INFO - [[-1.57079637  4.30899048]
 [-1.56785512  4.31087351]
 [-1.5648967   4.29825068]
 ...
 [ 1.5648967   4.9994998 ]
 [ 1.56785512  4.9994998 ]
 [ 1.57079637  4.9994998 ]]
2024-06-19 17:28:48,834 - INFO - [[-1.57079637  4.30500174]
 [-1.56785512  4.30686951]
 [-1.5648967   4.29425859]
 ...
 [ 1.5648967   4.9994998 ]
 [ 1.56785512  4.9994998 ]
 [ 1.57079637  4.9994998 ]]
2024-06-19 17:28:48,986 - INFO - [[-1.57079637  4.30076075]
 [-1.56785512  4.30261278]
 [-1.5648967   4.29001427]
 ...
 [ 1.5648967   4.9994998 ]
 [ 1.56785512  4.9994998 ]
 [ 1.57079637  4.9994998 ]]
2024-06-19 17:28:49,128 - INFO - [[-1.57079637  4.29471684]
 [-1.56785512  4.29663229]
 [-1.5648967   4.28405094]
 ...
 [ 1.5648967   4.9994998 ]
 [ 1.56785512  4.9994998 ]
 [ 1.57079637  4.9994998 ]]
2024-06-19 17:28:49,236 - INFO - [[-1.57079637  4.28851795]
 [-1.56785512  4.29040909]
 [-1.5648967   4.27784634]
 ...
 [ 1.5648967   4.9994998 ]
 [ 1.56785512  4.9994998 ]
 [ 1.57079637  4.9994998 ]]
2024-06-19 17:28:49,333 - INFO - [[-1.57079637  4.28439522]
 [-1.56785512  4.2862711 ]
 [-1.5648967   4.27372026]
 ...
 [ 1.5648967   4.9994998 ]
 [ 1.56785512  4.9994998 ]
 [ 1.57079637  4.9994998 ]]
2024-06-19 17:28:49,476 - INFO - [[-1.57079637  4.28028011]
 [-1.56785512  4.28214073]
 [-1.5648967   4.2696023 ]
 ...
 [ 1.5648967   4.9994998 ]
 [ 1.56785512  4.9994998 ]
 [ 1.57079637  4.9994998 ]]
2024-06-19 17:28:49,533 - INFO - [[-1.57079637  4.27608824]
 [-1.56785512  4.27801847]
 [-1.5648967   4.26549149]
 ...
 [ 1.5648967   4.9994998 ]
 [ 1.56785512  4.9994998 ]
 [ 1.57079637  4.9994998 ]]
2024-06-19 17:28:49,635 - INFO - [[-1.57079637  4.27198935]
 [-1.56785512  4.27390385]
 [-1.5648967   4.26138973]
 ...
 [ 1.5648967   4.9994998 ]
 [ 1.56785512  4.9994998 ]
 [ 1.57079637  4.9994998 ]]
2024-06-19 17:28:49,784 - INFO - [[-1.57079637  4.26798344]
 [-1.56785512  4.26979733]
 [-1.5648967   4.25729465]
 ...
 [ 1.5648967   4.9994998 ]
 [ 1.56785512  4.9994998 ]
 [ 1.57079637  4.9994998 ]]
2024-06-19 17:28:49,885 - INFO - [[-1.57079637  4.26177645]
 [-1.56785512  4.26365185]
 [-1.5648967   4.2511673 ]
 ...
 [ 1.5648967   2.84151435]
 [ 1.56785512  2.84708261]
 [ 1.57079637  2.85544395]]
2024-06-19 17:28:50,032 - INFO - [[-1.57079637  4.25770521]
 [-1.56785512  4.25956488]
 [-1.5648967   4.24709225]
 ...
 [ 1.5648967   2.81943965]
 [ 1.56785512  2.82498598]
 [ 1.57079637  2.83328247]]
2024-06-19 17:28:50,119 - INFO - [[-1.57079637  4.25152826]
 [-1.56785512  4.25344944]
 [-1.5648967   4.24099493]
 ...
 [ 1.5648967   2.78648853]
 [ 1.56785512  2.79196453]
 [ 1.57079637  2.80016422]]
2024-06-19 17:28:50,372 - INFO - [[-1.57079637  2.63450122]
 [-1.56785512  2.62584901]
 [-1.5648967   2.61816025]
 ...
 [ 1.5648967   2.75301504]
 [ 1.56785512  2.75860023]
 [ 1.57079637  2.7667017 ]]
2024-06-19 17:28:50,473 - INFO - [[-1.57079637  2.59066463]
 [-1.56785512  2.58239055]
 [-1.5648967   2.57482886]
 ...
 [ 1.5648967   2.76514912]
 [ 1.56785512  2.77092791]
 [ 1.57079637  2.77906585]]
2024-06-19 17:28:50,585 - INFO - [[-1.57079637  2.60200858]
 [-1.56785512  2.59353757]
 [-1.5648967   2.58594322]
 ...
 [ 1.5648967   2.74434662]
 [ 1.56785512  2.74995756]
 [ 1.57079637  2.75803375]]
2024-06-19 17:28:50,683 - INFO - [[-1.57079637  4.24663305]
 [-1.56785512  2.66765523]
 [-1.5648967   2.65984392]
 ...
 [ 1.5648967   2.68696356]
 [ 1.56785512  2.69203162]
 [ 1.57079637  2.69993758]]
2024-06-19 17:28:50,785 - INFO - [[-1.57079637  4.28225136]
 [-1.56785512  4.2830863 ]
 [-1.5648967   4.27054501]
 ...
 [ 1.5648967   2.60195208]
 [ 1.56785512  2.60611773]
 [ 1.57079637  2.61377168]]
2024-06-19 17:28:50,931 - INFO - [[-1.57079637  4.34213829]
 [-1.56785512  4.3419385 ]
 [-1.5648967   4.32922459]
 ...
 [ 1.5648967   2.51009893]
 [ 1.56785512  2.51337695]
 [ 1.57079637  2.52075839]]
2024-06-19 17:28:51,039 - INFO - [[-1.57079637  4.46708345]
 [-1.56785512  4.46519089]
 [-1.5648967   4.45211649]
 ...
 [ 1.5648967   2.39550757]
 [ 1.56785512  2.39754629]
 [ 1.57079637  2.40458751]]
2024-06-19 17:28:51,134 - INFO - [[-1.57079637  4.57405853]
 [-1.56785512  4.57092667]
 [-1.5648967   4.55754232]
 ...
 [ 1.5648967   2.33442521]
 [ 1.56785512  2.33579421]
 [ 1.57079637  2.34265423]]
2024-06-19 17:28:51,236 - INFO - [[-1.57079637  4.70338678]
 [-1.56785512  4.69880867]
 [-1.5648967   4.68505001]
 ...
 [ 1.5648967   2.28371406]
 [ 1.56785512  2.28443527]
 [ 1.57079637  2.29114437]]
2024-06-19 17:28:51,375 - INFO - [[-1.57079637  4.85749674]
 [-1.56785512  4.85131359]
 [-1.5648967   4.83710861]
 ...
 [ 1.5648967   2.2425127 ]
 [ 1.56785512  2.24266601]
 [ 1.57079637  2.24925232]]
2024-06-19 17:28:51,433 - INFO - [[-1.57079637  4.9994998 ]
 [-1.56785512  4.9994998 ]
 [-1.5648967   4.9994998 ]
 ...
 [ 1.5648967   2.21025729]
 [ 1.56785512  2.20985818]
 [ 1.57079637  2.21634817]]
2024-06-19 17:28:51,575 - INFO - [[-1.57079637  3.35925579]
 [-1.56785512  3.36458254]
 [-1.5648967   3.35473061]
 ...
 [ 1.5648967   2.18624115]
 [ 1.56785512  2.18531561]
 [ 1.57079637  2.1917336 ]]
2024-06-19 17:28:51,684 - INFO - [[-1.57079637  3.33828712]
 [-1.56785512  3.34275293]
 [-1.5648967   3.3329649 ]
 ...
 [ 1.5648967   2.17004561]
 [ 1.56785512  2.16860747]
 [ 1.57079637  2.17497635]]
2024-06-19 17:28:51,786 - INFO - [[-1.57079637  3.32904053]
 [-1.56785512  3.33230805]
 [-1.5648967   3.32255054]
 ...
 [ 1.5648967   2.15984201]
 [ 1.56785512  2.15766072]
 [ 1.57079637  2.16399741]]
2024-06-19 17:28:51,883 - INFO - [[-1.57079637  3.33745408]
 [-1.56785512  3.33997869]
 [-1.5648967   3.33019876]
 ...
 [ 1.5648967   2.16234541]
 [ 1.56785512  2.15967059]
 [ 1.57079637  2.16601324]]
2024-06-19 17:28:51,987 - INFO - [[-1.57079637  3.35762143]
 [-1.56785512  3.35933661]
 [-1.5648967   3.34949994]
 ...
 [ 1.5648967   2.17235088]
 [ 1.56785512  2.16913652]
 [ 1.57079637  2.17550707]]
2024-06-19 17:28:52,087 - INFO - [[-1.57079637  3.39034724]
 [-1.56785512  3.39127636]
 [-1.5648967   3.38134623]
 ...
 [ 1.5648967   2.19038415]
 [ 1.56785512  2.18663716]
 [ 1.57079637  2.19305897]]
2024-06-19 17:28:52,183 - INFO - [[-1.57079637  3.43592525]
 [-1.56785512  3.43601847]
 [-1.5648967   3.42595744]
 ...
 [ 1.5648967   2.21668458]
 [ 1.56785512  2.21233344]
 [ 1.57079637  2.21883059]]
2024-06-19 17:28:52,328 - INFO - [[-1.57079637  3.48961949]
 [-1.56785512  3.48890519]
 [-1.5648967   3.47868919]
 ...
 [ 1.5648967   2.24865365]
 [ 1.56785512  2.24370408]
 [ 1.57079637  2.25029349]]
2024-06-19 17:28:52,436 - INFO - [[-1.57079637  3.59403467]
 [-1.56785512  3.59201932]
 [-1.5648967   3.58150125]
 ...
 [ 1.5648967   2.31204152]
 [ 1.56785512  2.30612063]
 [ 1.57079637  2.31289339]]
2024-06-19 17:28:52,518 - INFO - [[-1.57079637  3.68199897]
 [-1.56785512  3.6789422 ]
 [-1.5648967   3.66816974]
 ...
 [ 1.5648967   2.36600566]
 [ 1.56785512  2.35933137]
 [ 1.57079637  2.36626029]]
2024-06-19 17:28:52,663 - INFO - [[-1.57079637  3.78345513]
 [-1.56785512  3.7793951 ]
 [-1.5648967   3.76832843]
 ...
 [ 1.5648967   2.42866302]
 [ 1.56785512  2.42116904]
 [ 1.57079637  2.42827964]]
2024-06-19 17:28:52,735 - INFO - [[-1.57079637  3.90102005]
 [-1.56785512  3.89570618]
 [-1.5648967   3.88429904]
 ...
 [ 1.5648967   4.17374468]
 [ 1.56785512  4.17371559]
 [ 1.57079637  4.18597317]]
2024-06-19 17:28:52,833 - INFO - [[-1.57079637  4.05120993]
 [-1.56785512  4.04440212]
 [-1.5648967   4.03255987]
 ...
 [ 1.5648967   4.12029505]
 [ 1.56785512  4.11922741]
 [ 1.57079637  4.13132477]]
2024-06-19 17:28:52,933 - INFO - [[-1.57079637  4.9994998 ]
 [-1.56785512  4.9994998 ]
 [-1.5648967   4.9994998 ]
 ...
 [ 1.5648967   4.08139181]
 [ 1.56785512  4.0793643 ]
 [ 1.57079637  4.09134483]]
2024-06-19 17:28:53,037 - INFO - [[-1.57079637  4.9994998 ]
 [-1.56785512  4.9994998 ]
 [-1.5648967   4.9994998 ]
 ...
 [ 1.5648967   4.05702209]
 [ 1.56785512  4.05408764]
 [ 1.57079637  4.06599379]]
2024-06-19 17:28:53,137 - INFO - [[-1.57079637  4.9994998 ]
 [-1.56785512  4.9994998 ]
 [-1.5648967   4.9994998 ]
 ...
 [ 1.5648967   4.04675484]
 [ 1.56785512  4.04294538]
 [ 1.57079637  4.05481911]]
2024-06-19 17:28:53,537 - INFO - [[-1.57079637  4.9994998 ]
 [-1.56785512  4.9994998 ]
 [-1.5648967   4.9994998 ]
 ...
 [ 1.5648967   4.08256674]
 [ 1.56785512  4.07632351]
 [ 1.57079637  4.08829498]]
2024-06-19 17:28:53,637 - INFO - [[-1.57079637  4.9994998 ]
 [-1.56785512  4.9994998 ]
 [-1.5648967   4.9994998 ]
 ...
 [ 1.5648967   4.08319378]
 [ 1.56785512  4.07686901]
 [ 1.57079637  4.08884192]]
2024-06-19 17:28:53,723 - INFO - [[-1.57079637  4.9994998 ]
 [-1.56785512  4.9994998 ]
 [-1.5648967   4.9994998 ]
 ...
 [ 1.5648967   4.08476257]
 [ 1.56785512  4.07842875]
 [ 1.57079637  4.09040642]]
2024-06-19 17:28:53,834 - INFO - [[-1.57079637  4.9994998 ]
 [-1.56785512  4.9994998 ]
 [-1.5648967   4.9994998 ]
 ...
 [ 1.5648967   4.08806038]
 [ 1.56785512  4.08170605]
 [ 1.57079637  4.09369326]]
2024-06-19 17:28:53,936 - INFO - [[-1.57079637  4.9994998 ]
 [-1.56785512  4.9994998 ]
 [-1.5648967   4.9994998 ]
 ...
 [ 1.5648967   4.09049749]
 [ 1.56785512  4.08428478]
 [ 1.57079637  4.09627962]]
2024-06-19 17:28:54,035 - INFO - [[-1.57079637  4.9994998 ]
 [-1.56785512  4.9994998 ]
 [-1.5648967   4.9994998 ]
 ...
 [ 1.5648967   4.09081268]
 [ 1.56785512  4.08467627]
 [ 1.57079637  4.09667253]]
2024-06-19 17:28:54,138 - INFO - [[-1.57079637  4.9994998 ]
 [-1.56785512  4.9994998 ]
 [-1.5648967   4.9994998 ]
 ...
 [ 1.5648967   4.09207153]
 [ 1.56785512  4.08600712]
 [ 1.57079637  4.09800673]]
2024-06-19 17:28:54,279 - INFO - [[-1.57079637  4.9994998 ]
 [-1.56785512  4.9994998 ]
 [-1.5648967   4.9994998 ]
 ...
 [ 1.5648967   4.09585476]
 [ 1.56785512  4.08976698]
 [ 1.57079637  4.10177803]]
2024-06-19 17:28:54,434 - INFO - [[-1.57079637  4.9994998 ]
 [-1.56785512  4.9994998 ]
 [-1.5648967   4.9994998 ]
 ...
 [ 1.5648967   4.10320377]
 [ 1.56785512  4.09715176]
 [ 1.57079637  4.10918427]]
2024-06-19 17:28:54,535 - INFO - [[-1.57079637  4.9994998 ]
 [-1.56785512  4.9994998 ]
 [-1.5648967   4.9994998 ]
 ...
 [ 1.5648967   4.10684872]
 [ 1.56785512  4.10077477]
 [ 1.57079637  4.11281776]]
2024-06-19 17:28:54,680 - INFO - [[-1.57079637  4.9994998 ]
 [-1.56785512  4.9994998 ]
 [-1.5648967   4.9994998 ]
 ...
 [ 1.5648967   4.1103406 ]
 [ 1.56785512  4.10424709]
 [ 1.57079637  4.11630058]]
2024-06-19 17:28:54,787 - INFO - [[-1.57079637  4.9994998 ]
 [-1.56785512  4.9994998 ]
 [-1.5648967   4.9994998 ]
 ...
 [ 1.5648967   4.11582947]
 [ 1.56785512  4.10970306]
 [ 1.57079637  4.12177277]]
2024-06-19 17:28:54,936 - INFO - [[-1.57079637  4.9994998 ]
 [-1.56785512  4.9994998 ]
 [-1.5648967   4.9994998 ]
 ...
 [ 1.5648967   4.11933708]
 [ 1.56785512  4.11326981]
 [ 1.57079637  4.12534952]]
2024-06-19 17:28:55,037 - INFO - [[-1.57079637  4.9994998 ]
 [-1.56785512  4.9994998 ]
 [-1.5648967   4.9994998 ]
 ...
 [ 1.5648967   4.12485027]
 [ 1.56785512  4.11867046]
 [ 1.57079637  4.13076639]]
2024-06-19 17:28:55,135 - INFO - [[-1.57079637  4.9994998 ]
 [-1.56785512  4.9994998 ]
 [-1.5648967   4.9994998 ]
 ...
 [ 1.5648967   4.12845325]
 [ 1.56785512  4.1223321 ]
 [ 1.57079637  4.13443851]]
2024-06-19 17:28:55,284 - INFO - [[-1.57079637  4.9994998 ]
 [-1.56785512  4.9994998 ]
 [-1.5648967   4.9994998 ]
 ...
 [ 1.5648967   4.13190222]
 [ 1.56785512  4.12576103]
 [ 1.57079637  4.13787746]]
2024-06-19 17:28:55,428 - INFO - [[-1.57079637  4.9994998 ]
 [-1.56785512  4.9994998 ]
 [-1.5648967   4.9994998 ]
 ...
 [ 1.5648967   4.13744926]
 [ 1.56785512  4.1312747 ]
 [ 1.57079637  4.14340782]]
2024-06-19 17:28:55,527 - INFO - [[-1.57079637  4.9994998 ]
 [-1.56785512  4.9994998 ]
 [-1.5648967   4.9994998 ]
 ...
 [ 1.5648967   4.14276838]
 [ 1.56785512  4.13664293]
 [ 1.57079637  4.14879179]]
2024-06-19 17:28:55,619 - INFO - [[-1.57079637  4.9994998 ]
 [-1.56785512  4.9994998 ]
 [-1.5648967   4.9994998 ]
 ...
 [ 1.5648967   1.91459441]
 [ 1.56785512  1.91971588]
 [ 1.57079637  1.92535377]]
2024-06-19 17:28:55,780 - INFO - [[-1.57079637  4.9994998 ]
 [-1.56785512  4.9994998 ]
 [-1.5648967   4.9994998 ]
 ...
 [ 1.5648967   1.88744152]
 [ 1.56785512  1.89248085]
 [ 1.57079637  1.89803874]]
2024-06-19 17:28:55,886 - INFO - [[-1.57079637  4.9994998 ]
 [-1.56785512  4.9994998 ]
 [-1.5648967   4.9994998 ]
 ...
 [ 1.5648967   1.84687459]
 [ 1.56785512  1.85181606]
 [ 1.57079637  1.85725451]]
2024-06-19 17:28:55,987 - INFO - [[-1.57079637  4.9994998 ]
 [-1.56785512  4.9994998 ]
 [-1.5648967   4.9994998 ]
 ...
 [ 1.5648967   1.81974137]
 [ 1.56785512  1.82461691]
 [ 1.57079637  1.82997549]]
2024-06-19 17:28:56,072 - INFO - [[-1.57079637  4.9994998 ]
 [-1.56785512  4.9994998 ]
 [-1.5648967   4.9994998 ]
 ...
 [ 1.5648967   1.79265273]
 [ 1.56785512  1.79746282]
 [ 1.57079637  1.80274165]]
2024-06-19 17:28:56,185 - INFO - [[-1.57079637  4.9994998 ]
 [-1.56785512  4.9994998 ]
 [-1.5648967   4.9994998 ]
 ...
 [ 1.5648967   1.76550853]
 [ 1.56785512  1.77023768]
 [ 1.57079637  1.77543664]]
2024-06-19 17:28:56,287 - INFO - [[-1.57079637  4.9994998 ]
 [-1.56785512  4.9994998 ]
 [-1.5648967   4.9994998 ]
 ...
 [ 1.5648967   1.73846316]
 [ 1.56785512  1.74311256]
 [ 1.57079637  1.74823189]]
2024-06-19 17:28:56,387 - INFO - [[-1.57079637  4.9994998 ]
 [-1.56785512  4.9994998 ]
 [-1.5648967   4.9994998 ]
 ...
 [ 1.5648967   1.71132457]
 [ 1.56785512  1.71590841]
 [ 1.57079637  1.72094774]]
2024-06-19 17:28:56,487 - INFO - [[-1.57079637  4.9994998 ]
 [-1.56785512  4.9994998 ]
 [-1.5648967   4.9994998 ]
 ...
 [ 1.5648967   1.6842196 ]
 [ 1.56785512  1.68872452]
 [ 1.57079637  1.69368398]]
2024-06-19 17:28:56,633 - INFO - [[-1.57079637  4.9994998 ]
 [-1.56785512  4.9994998 ]
 [-1.5648967   4.9994998 ]
 ...
 [ 1.5648967   1.65710747]
 [ 1.56785512  1.66154647]
 [ 1.57079637  1.66642618]]
2024-06-19 17:28:56,735 - INFO - [[-1.57079637  4.9994998 ]
 [-1.56785512  4.9994998 ]
 [-1.5648967   4.9994998 ]
 ...
 [ 1.5648967   1.61648738]
 [ 1.56785512  1.62081563]
 [ 1.57079637  1.62557566]]
2024-06-19 17:28:56,837 - INFO - [[-1.57079637  4.9994998 ]
 [-1.56785512  4.9994998 ]
 [-1.5648967   4.9994998 ]
 ...
 [ 1.5648967   1.58942604]
 [ 1.56785512  1.59367692]
 [ 1.57079637  1.59835732]]
2024-06-19 17:28:56,937 - INFO - [[-1.57079637  4.9994998 ]
 [-1.56785512  4.9994998 ]
 [-1.5648967   4.9994998 ]
 ...
 [ 1.5648967   1.56230283]
 [ 1.56785512  1.56648803]
 [ 1.57079637  1.57108855]]
2024-06-19 17:28:57,039 - INFO - [[-1.57079637  4.9994998 ]
 [-1.56785512  4.9994998 ]
 [-1.5648967   4.9994998 ]
 ...
 [ 1.5648967   1.53520262]
 [ 1.56785512  1.53931105]
 [ 1.57079637  1.54383171]]
2024-06-19 17:28:57,120 - INFO - [[-1.57079637  4.9994998 ]
 [-1.56785512  4.9994998 ]
 [-1.5648967   4.9994998 ]
 ...
 [ 1.5648967   1.50806355]
 [ 1.56785512  1.51209557]
 [ 1.57079637  1.51653636]]
2024-06-19 17:28:57,372 - INFO - [[-1.57079637  4.9994998 ]
 [-1.56785512  4.9994998 ]
 [-1.5648967   4.9994998 ]
 ...
 [ 1.5648967   1.45588768]
 [ 1.56785512  1.45988345]
 [ 1.57079637  1.46417093]]
2024-06-19 17:28:57,536 - INFO - [[-1.57079637  4.9994998 ]
 [-1.56785512  3.95589161]
 [-1.5648967   3.94430828]
 ...
 [ 1.5648967   1.45859361]
 [ 1.56785512  1.46271658]
 [ 1.57079637  1.46701241]]
2024-06-19 17:28:57,680 - INFO - [[-1.57079637  4.9994998 ]
 [-1.56785512  4.9994998 ]
 [-1.5648967   4.9994998 ]
 ...
 [ 1.5648967   1.42396295]
 [ 1.56785512  1.42781019]
 [ 1.57079637  1.43200338]]
2024-06-19 17:28:57,828 - INFO - [[-1.57079637  4.9994998 ]
 [-1.56785512  4.9994998 ]
 [-1.5648967   4.9994998 ]
 ...
 [ 1.5648967   1.34382129]
 [ 1.56785512  1.34686565]
 [ 1.57079637  1.35082114]]
2024-06-19 17:28:57,934 - INFO - [[-1.57079637  4.9994998 ]
 [-1.56785512  4.9994998 ]
 [-1.5648967   4.9994998 ]
 ...
 [ 1.5648967   1.25586474]
 [ 1.56785512  1.25802994]
 [ 1.57079637  1.26172459]]
2024-06-19 17:28:58,035 - INFO - [[-1.57079637  4.9994998 ]
 [-1.56785512  4.9994998 ]
 [-1.5648967   4.9994998 ]
 ...
 [ 1.5648967   1.20781422]
 [ 1.56785512  1.20949292]
 [ 1.57079637  1.213045  ]]
2024-06-19 17:28:58,175 - INFO - [[-1.57079637  4.9994998 ]
 [-1.56785512  4.9994998 ]
 [-1.5648967   4.9994998 ]
 ...
 [ 1.5648967   1.16695011]
 [ 1.56785512  1.16821694]
 [ 1.57079637  1.17164779]]
2024-06-19 17:28:58,268 - INFO - [[-1.57079637  4.9994998 ]
 [-1.56785512  4.9994998 ]
 [-1.5648967   4.9994998 ]
 ...
 [ 1.5648967   1.1323967 ]
 [ 1.56785512  1.13330233]
 [ 1.57079637  1.13663065]]
2024-06-19 17:28:58,428 - INFO - [[-1.57079637  4.9994998 ]
 [-1.56785512  4.9994998 ]
 [-1.5648967   4.9994998 ]
 ...
 [ 1.5648967   1.09046388]
 [ 1.56785512  1.09089184]
 [ 1.57079637  1.09409559]]
2024-06-19 17:28:58,542 - INFO - [[-1.57079637  4.4610281 ]
 [-1.56785512  4.46996355]
 [-1.5648967   4.45687485]
 ...
 [ 1.5648967   1.05901325]
 [ 1.56785512  1.05902779]
 [ 1.57079637  1.06213796]]
2024-06-19 17:28:58,622 - INFO - [[-1.57079637  4.40363407]
 [-1.56785512  4.41144419]
 [-1.5648967   4.39852667]
 ...
 [ 1.5648967   1.04321086]
 [ 1.56785512  1.04296958]
 [ 1.57079637  1.04603267]]
2024-06-19 17:28:58,780 - INFO - [[-1.57079637  4.36277151]
 [-1.56785512  4.36942196]
 [-1.5648967   4.35662794]
 ...
 [ 1.5648967   1.0312525 ]
 [ 1.56785512  1.03076732]
 [ 1.57079637  1.03379452]]
2024-06-19 17:28:58,892 - INFO - [[-1.57079637  4.33088636]
 [-1.56785512  4.33593655]
 [-1.5648967   4.32324028]
 ...
 [ 1.5648967   1.02009344]
 [ 1.56785512  1.01925623]
 [ 1.57079637  1.02224958]]
2024-06-19 17:28:58,974 - INFO - [[-1.57079637  4.3286953 ]
 [-1.56785512  4.3327651 ]
 [-1.5648967   4.32007837]
 ...
 [ 1.5648967   1.01702499]
 [ 1.56785512  1.0159502 ]
 [ 1.57079637  1.01893389]]
2024-06-19 17:28:59,119 - INFO - [[-1.57079637  4.34160948]
 [-1.56785512  4.34467983]
 [-1.5648967   4.33195829]
 ...
 [ 1.5648967   1.01742887]
 [ 1.56785512  1.0161196 ]
 [ 1.57079637  1.01910377]]
2024-06-19 17:28:59,237 - INFO - [[-1.57079637  4.38989878]
 [-1.56785512  4.39146233]
 [-1.5648967   4.37860346]
 ...
 [ 1.5648967   1.02460492]
 [ 1.56785512  1.02292728]
 [ 1.57079637  1.02593148]]
2024-06-19 17:28:59,333 - INFO - [[-1.57079637  4.44213057]
 [-1.56785512  4.44259167]
 [-1.5648967   4.42958307]
 ...
 [ 1.5648967   1.03396499]
 [ 1.56785512  1.03201413]
 [ 1.57079637  1.03504491]]
2024-06-19 17:28:59,428 - INFO - [[-1.57079637  4.51126385]
 [-1.56785512  4.5106101 ]
 [-1.5648967   4.49740219]
 ...
 [ 1.5648967   1.04718161]
 [ 1.56785512  1.04495215]
 [ 1.57079637  1.04802096]]
2024-06-19 17:28:59,563 - INFO - [[-1.57079637  4.59883738]
 [-1.56785512  4.59703255]
 [-1.5648967   4.58357191]
 ...
 [ 1.5648967   1.06452608]
 [ 1.56785512  1.06198573]
 [ 1.57079637  1.06510472]]
2024-06-19 17:28:59,637 - INFO - [[-1.57079637  4.70649099]
 [-1.56785512  4.70347166]
 [-1.5648967   4.68969917]
 ...
 [ 1.5648967   1.08640289]
 [ 1.56785512  1.0835216 ]
 [ 1.57079637  1.08670366]]
2024-06-19 17:28:59,723 - INFO - [[-1.57079637  4.9994998 ]
 [-1.56785512  4.9994998 ]
 [-1.5648967   4.9994998 ]
 ...
 [ 1.5648967   1.11324477]
 [ 1.56785512  1.10997748]
 [ 1.57079637  1.11323738]]
2024-06-19 17:28:59,837 - INFO - [[-1.57079637  4.9994998 ]
 [-1.56785512  4.9994998 ]
 [-1.5648967   4.9994998 ]
 ...
 [ 1.5648967   1.14571381]
 [ 1.56785512  1.14200354]
 [ 1.57079637  1.14535737]]
2024-06-19 17:28:59,924 - INFO - [[-1.57079637  4.9994998 ]
 [-1.56785512  4.9994998 ]
 [-1.5648967   4.9994998 ]
 ...
 [ 1.5648967   1.18462396]
 [ 1.56785512  1.18040991]
 [ 1.57079637  1.18387663]]
2024-06-19 17:29:00,087 - INFO - [[-1.57079637  4.9994998 ]
 [-1.56785512  4.9994998 ]
 [-1.5648967   4.9994998 ]
 ...
 [ 1.5648967   1.23098254]
 [ 1.56785512  1.22618008]
 [ 1.57079637  1.22978127]]
2024-06-19 17:29:00,228 - INFO - [[-1.57079637  4.9994998 ]
 [-1.56785512  4.9994998 ]
 [-1.5648967   4.9994998 ]
 ...
 [ 1.5648967   1.31750607]
 [ 1.56785512  1.31160045]
 [ 1.57079637  1.31545234]]
2024-06-19 17:29:00,380 - INFO - [[-1.57079637  3.80397487]
 [-1.56785512  3.81986952]
 [-1.5648967   3.80868459]
 ...
 [ 1.5648967   1.43026435]
 [ 1.56785512  1.42288601]
 [ 1.57079637  1.42706478]]
2024-06-19 17:29:00,523 - INFO - [[-1.57079637  3.56724524]
 [-1.56785512  3.5802021 ]
 [-1.5648967   3.56971884]
 ...
 [ 1.5648967   1.57918191]
 [ 1.56785512  1.56973898]
 [ 1.57079637  1.57434916]]
2024-06-19 17:29:00,587 - INFO - [[-1.57079637  3.43968177]
 [-1.56785512  3.45108461]
 [-1.5648967   3.44097924]
 ...
 [ 1.5648967   3.23895693]
 [ 1.56785512  3.23237133]
 [ 1.57079637  3.2418642 ]]
2024-06-19 17:29:00,683 - INFO - [[-1.57079637  3.33241129]
 [-1.56785512  3.34243846]
 [-1.5648967   3.33265138]
 ...
 [ 1.5648967   3.29470396]
 [ 1.56785512  3.28716731]
 [ 1.57079637  3.29682112]]
2024-06-19 17:29:00,784 - INFO - [[-1.57079637  3.24274874]
 [-1.56785512  3.25153899]
 [-1.5648967   3.24201822]
 ...
 [ 1.5648967   3.36433601]
 [ 1.56785512  3.35569   ]
 [ 1.57079637  3.36554503]]
2024-06-19 17:29:00,878 - INFO - [[-1.57079637  3.16877723]
 [-1.56785512  3.17648387]
 [-1.5648967   3.16718268]
 ...
 [ 1.5648967   3.4493506 ]
 [ 1.56785512  3.43956447]
 [ 1.57079637  3.44966578]]
2024-06-19 17:29:00,986 - INFO - [[-1.57079637  3.1087749 ]
 [-1.56785512  3.11556363]
 [-1.5648967   3.10644078]
 ...
 [ 1.5648967   3.55159616]
 [ 1.56785512  3.54044604]
 [ 1.57079637  3.55084395]]
2024-06-19 17:29:01,086 - INFO - [[-1.57079637  3.0617013 ]
 [-1.56785512  3.06761932]
 [-1.5648967   3.05863714]
 ...
 [ 1.5648967   3.6734283 ]
 [ 1.56785512  3.66082072]
 [ 1.57079637  3.67157197]]
2024-06-19 17:29:01,188 - INFO - [[-1.57079637  3.02648616]
 [-1.56785512  3.03160596]
 [-1.5648967   3.02272916]
 ...
 [ 1.5648967   3.81798387]
 [ 1.56785512  3.80358958]
 [ 1.57079637  3.81476021]]
2024-06-19 17:29:01,286 - INFO - [[-1.57079637  3.00252819]
 [-1.56785512  3.00690365]
 [-1.5648967   2.99809885]
 ...
 [ 1.5648967   3.98921776]
 [ 1.56785512  3.97269034]
 [ 1.57079637  3.9843576 ]]
2024-06-19 17:29:01,377 - INFO - [[-1.57079637  2.98939562]
 [-1.56785512  2.99302197]
 [-1.5648967   2.98425794]
 ...
 [ 1.5648967   4.191926  ]
 [ 1.56785512  4.17289877]
 [ 1.57079637  4.18515396]]
2024-06-19 17:29:01,488 - INFO - [[-1.57079637  2.98676586]
 [-1.56785512  2.98970795]
 [-1.5648967   2.98095369]
 ...
 [ 1.5648967   4.43336916]
 [ 1.56785512  4.41126108]
 [ 1.57079637  4.42421627]]
2024-06-19 17:29:01,587 - INFO - [[-1.57079637  2.99458456]
 [-1.56785512  2.99684882]
 [-1.5648967   2.98807383]
 ...
 [ 1.5648967   2.50233126]
 [ 1.56785512  2.63015532]
 [ 1.57079637  2.63787961]]
2024-06-19 17:29:01,688 - INFO - [[-1.57079637  3.01301599]
 [-1.56785512  3.01455283]
 [-1.5648967   3.00572562]
 ...
 [ 1.5648967   2.51684213]
 [ 1.56785512  2.51311016]
 [ 1.57079637  2.52049065]]
2024-06-19 17:29:01,785 - INFO - [[-1.57079637  4.9994998 ]
 [-1.56785512  4.9994998 ]
 [-1.5648967   4.9994998 ]
 ...
 [ 1.5648967   2.53780532]
 [ 1.56785512  2.53346777]
 [ 1.57079637  2.5409081 ]]
2024-06-19 17:29:01,884 - INFO - [[-1.57079637  4.84166479]
 [-1.56785512  4.85827494]
 [-1.5648967   4.84404945]
 ...
 [ 1.5648967   2.56817508]
 [ 1.56785512  2.56311989]
 [ 1.57079637  2.57064724]]
2024-06-19 17:29:01,986 - INFO - [[-1.57079637  4.68269253]
 [-1.56785512  4.69725609]
 [-1.5648967   4.6835022 ]
 ...
 [ 1.5648967   2.60843015]
 [ 1.56785512  2.60268331]
 [ 1.57079637  2.61032701]]
2024-06-19 17:29:02,087 - INFO - [[-1.57079637  4.54944801]
 [-1.56785512  4.56222486]
 [-1.5648967   4.54886627]
 ...
 [ 1.5648967   2.65947819]
 [ 1.56785512  2.65292382]
 [ 1.57079637  2.6607151 ]]
2024-06-19 17:29:02,231 - INFO - [[-1.57079637  4.4386282 ]
 [-1.56785512  4.44991398]
 [-1.5648967   4.43688393]
 ...
 [ 1.5648967   2.72225118]
 [ 1.56785512  2.714782  ]
 [ 1.57079637  2.72275496]]
2024-06-19 17:29:02,336 - INFO - [[-1.57079637  4.31003237]
 [-1.56785512  4.31925392]
 [-1.5648967   4.30660629]
 ...
 [ 1.5648967   2.84170437]
 [ 1.56785512  2.83267689]
 [ 1.57079637  2.84099579]]
2024-06-19 17:29:02,433 - INFO - [[-1.57079637  4.24646425]
 [-1.56785512  4.25446701]
 [-1.5648967   4.24200964]
 ...
 [ 1.5648967   2.9408865 ]
 [ 1.56785512  2.93059802]
 [ 1.57079637  2.93920469]]
2024-06-19 17:29:02,580 - INFO - [[-1.57079637  1.87324107]
 [-1.56785512  1.8877908 ]
 [-1.5648967   1.88226318]
 ...
 [ 1.5648967   3.05832911]
 [ 1.56785512  3.04658794]
 [ 1.57079637  3.05553532]]
2024-06-19 17:29:02,687 - INFO - [[-1.57079637  1.63510549]
 [-1.56785512  1.64584112]
 [-1.5648967   1.64102185]
 ...
 [ 1.5648967   3.27678466]
 [ 1.56785512  3.26233101]
 [ 1.57079637  3.27191186]]
2024-06-19 17:29:02,786 - INFO - [[-1.57079637  1.51376772]
 [-1.56785512  1.52272856]
 [-1.5648967   1.51826978]
 ...
 [ 1.5648967   3.45703173]
 [ 1.56785512  3.44028592]
 [ 1.57079637  3.45038939]]
2024-06-19 17:29:02,884 - INFO - [[-1.57079637  1.41413128]
 [-1.56785512  1.42171001]
 [-1.5648967   1.41754699]
 ...
 [ 1.5648967   3.67235017]
 [ 1.56785512  3.65279603]
 [ 1.57079637  3.66352391]]
2024-06-19 17:29:02,985 - INFO - [[-1.57079637  1.33151662]
 [-1.56785512  1.3380028 ]
 [-1.5648967   1.33408487]
 ...
 [ 1.5648967   3.93147492]
 [ 1.56785512  3.90841246]
 [ 1.57079637  3.91989088]]
2024-06-19 17:29:03,087 - INFO - [[-1.57079637  1.26250637]
 [-1.56785512  1.26810455]
 [-1.5648967   1.2643913 ]
 ...
 [ 1.5648967   4.9994998 ]
 [ 1.56785512  4.9994998 ]
 [ 1.57079637  4.9994998 ]]
2024-06-19 17:29:03,227 - INFO - [[-1.57079637  1.20462954]
 [-1.56785512  1.20949292]
 [-1.5648967   1.20595133]
 ...
 [ 1.5648967   4.9994998 ]
 [ 1.56785512  4.9994998 ]
 [ 1.57079637  4.9994998 ]]
2024-06-19 17:29:03,284 - INFO - [[-1.57079637  1.15594685]
 [-1.56785512  1.16020405]
 [-1.5648967   1.15680683]
 ...
 [ 1.5648967   4.9994998 ]
 [ 1.56785512  4.9994998 ]
 [ 1.57079637  4.9994998 ]]
2024-06-19 17:29:03,385 - INFO - [[-1.57079637  1.11507678]
 [-1.56785512  1.11882138]
 [-1.5648967   1.11554527]
 ...
 [ 1.5648967   4.9994998 ]
 [ 1.56785512  4.9994998 ]
 [ 1.57079637  4.9994998 ]]
2024-06-19 17:29:03,485 - INFO - [[-1.57079637  1.08088899]
 [-1.56785512  1.0841825 ]
 [-1.5648967   1.08100784]
 ...
 [ 1.5648967   4.9994998 ]
 [ 1.56785512  4.9994998 ]
 [ 1.57079637  4.9994998 ]]
2024-06-19 17:29:03,586 - INFO - [[-1.57079637  1.05251729]
 [-1.56785512  1.05542243]
 [-1.5648967   1.05233204]
 ...
 [ 1.5648967   4.9994998 ]
 [ 1.56785512  4.9994998 ]
 [ 1.57079637  4.9994998 ]]
2024-06-19 17:29:03,686 - INFO - [[-1.57079637  1.02934253]
 [-1.56785512  1.03189921]
 [-1.5648967   1.02887774]
 ...
 [ 1.5648967   4.9994998 ]
 [ 1.56785512  4.9994998 ]
 [ 1.57079637  4.9994998 ]]
2024-06-19 17:29:03,787 - INFO - [[-1.57079637  1.01079261]
 [-1.56785512  1.01303589]
 [-1.5648967   1.01006961]
 ...
 [ 1.5648967   4.9994998 ]
 [ 1.56785512  4.9994998 ]
 [ 1.57079637  4.9994998 ]]
2024-06-19 17:29:03,884 - INFO - [[-1.57079637  0.99648386]
 [-1.56785512  0.99844927]
 [-1.5648967   0.99552566]
 ...
 [ 1.5648967   4.49274683]
 [ 1.56785512  4.49265337]
 [ 1.57079637  4.50584745]]
2024-06-19 17:29:03,986 - INFO - [[-1.57079637  0.98612547]
 [-1.56785512  0.98782313]
 [-1.5648967   0.98493063]
 ...
 [ 1.5648967   4.4362359 ]
 [ 1.56785512  4.43510962]
 [ 1.57079637  4.44813442]]
2024-06-19 17:29:04,088 - INFO - [[-1.57079637  0.97949272]
 [-1.56785512  0.98094517]
 [-1.5648967   0.97807282]
 ...
 [ 1.5648967   4.39598083]
 [ 1.56785512  4.39372396]
 [ 1.57079637  4.40662718]]
2024-06-19 17:29:04,237 - INFO - [[-1.57079637  0.97642565]
 [-1.56785512  0.97764504]
 [-1.5648967   0.97478235]
 ...
 [ 1.5648967   4.37149382]
 [ 1.56785512  4.36816978]
 [ 1.57079637  4.38099813]]
2024-06-19 17:29:04,334 - INFO - [[-1.57079637  0.97833681]
 [-1.56785512  0.97922051]
 [-1.5648967   0.97635317]
 ...
 [ 1.5648967   4.36288404]
 [ 1.56785512  4.35808468]
 [ 1.57079637  4.37088346]]
2024-06-19 17:29:04,433 - INFO - [[-1.57079637  0.98398906]
 [-1.56785512  0.98464495]
 [-1.5648967   0.98176181]
 ...
 [ 1.5648967   4.37617111]
 [ 1.56785512  4.37031746]
 [ 1.57079637  4.38315201]]
2024-06-19 17:29:04,535 - INFO - [[-1.57079637  0.99316204]
 [-1.56785512  0.99359357]
 [-1.5648967   0.99068421]
 ...
 [ 1.5648967   4.40481234]
 [ 1.56785512  4.39789104]
 [ 1.57079637  4.41080666]]
2024-06-19 17:29:04,638 - INFO - [[-1.57079637  1.00602949]
 [-1.56785512  1.00622094]
 [-1.5648967   1.00327456]
 ...
 [ 1.5648967   4.44932222]
 [ 1.56785512  4.44129658]
 [ 1.57079637  4.45433998]]
2024-06-19 17:29:04,733 - INFO - [[-1.57079637  1.02278233]
 [-1.56785512  1.02272618]
 [-1.5648967   1.01973152]
 ...
 [ 1.5648967   4.51066065]
 [ 1.56785512  4.50137615]
 [ 1.57079637  4.51459599]]
2024-06-19 17:29:04,826 - INFO - [[-1.57079637  1.04371047]
 [-1.56785512  1.04338801]
 [-1.5648967   1.04033279]
 ...
 [ 1.5648967   4.5898037 ]
 [ 1.56785512  4.57916927]
 [ 1.57079637  4.59261799]]
2024-06-19 17:29:04,984 - INFO - [[-1.57079637  1.06914485]
 [-1.56785512  1.06854022]
 [-1.5648967   1.06541145]
 ...
 [ 1.5648967   4.68845844]
 [ 1.56785512  4.67645311]
 [ 1.57079637  4.69018698]]
2024-06-19 17:29:05,086 - INFO - [[-1.57079637  1.11700392]
 [-1.56785512  1.11590064]
 [-1.5648967   1.11263311]
 ...
 [ 1.5648967   4.9994998 ]
 [ 1.56785512  4.9994998 ]
 [ 1.57079637  4.9994998 ]]
2024-06-19 17:29:05,188 - INFO - [[-1.57079637  1.15622163]
 [-1.56785512  1.15473342]
 [-1.5648967   1.15135217]
 ...
 [ 1.5648967   4.9994998 ]
 [ 1.56785512  4.9994998 ]
 [ 1.57079637  4.9994998 ]]
2024-06-19 17:29:05,285 - INFO - [[-1.57079637  1.20241547]
 [-1.56785512  1.20048702]
 [-1.5648967   1.19697177]
 ...
 [ 1.5648967   4.9994998 ]
 [ 1.56785512  4.9994998 ]
 [ 1.57079637  4.9994998 ]]
2024-06-19 17:29:05,383 - INFO - [[-1.57079637  1.2565589 ]
 [-1.56785512  1.25410974]
 [-1.5648967   1.2504375 ]
 ...
 [ 1.5648967   4.9994998 ]
 [ 1.56785512  4.9994998 ]
 [ 1.57079637  4.9994998 ]]
2024-06-19 17:29:05,486 - INFO - [[-1.57079637  1.32022607]
 [-1.56785512  1.31715667]
 [-1.5648967   1.31329989]
 ...
 [ 1.5648967   4.9994998 ]
 [ 1.56785512  4.9994998 ]
 [ 1.57079637  4.9994998 ]]
2024-06-19 17:29:05,586 - INFO - [[-1.57079637  1.39526963]
 [-1.56785512  1.39144719]
 [-1.5648967   1.38737285]
 ...
 [ 1.5648967   4.9994998 ]
 [ 1.56785512  4.9994998 ]
 [ 1.57079637  4.9994998 ]]
2024-06-19 17:29:05,687 - INFO - [[-1.57079637  1.48464608]
 [-1.56785512  1.47988772]
 [-1.5648967   1.47555435]
 ...
 [ 1.5648967   3.84337497]
 [ 1.56785512  3.85139084]
 [ 1.57079637  3.86270165]]
2024-06-19 17:29:05,785 - INFO - [[-1.57079637  3.1580646 ]
 [-1.56785512  3.15893674]
 [-1.5648967   3.14968681]
 ...
 [ 1.5648967   3.68131375]
 [ 1.56785512  3.6876564 ]
 [ 1.57079637  3.69848657]]
2024-06-19 17:29:05,888 - INFO - [[-1.57079637  3.20030093]
 [-1.56785512  3.20040989]
 [-1.5648967   3.19103885]
 ...
 [ 1.5648967   3.54384375]
 [ 1.56785512  3.54881096]
 [ 1.57079637  3.55923319]]
2024-06-19 17:29:05,986 - INFO - [[-1.57079637  3.25498557]
 [-1.56785512  3.25426769]
 [-1.5648967   3.24473858]
 ...
 [ 1.5648967   3.42744803]
 [ 1.56785512  3.4312098 ]
 [ 1.57079637  3.4412868 ]]
2024-06-19 17:29:06,088 - INFO - [[-1.57079637  3.32319665]
 [-1.56785512  3.32156658]
 [-1.5648967   3.31184053]
 ...
 [ 1.5648967   3.32936478]
 [ 1.56785512  3.33204794]
 [ 1.57079637  3.34183383]]
2024-06-19 17:29:06,190 - INFO - [[-1.57079637  3.40627289]
 [-1.56785512  3.40372324]
 [-1.5648967   3.39375663]
 ...
 [ 1.5648967   3.24751306]
 [ 1.56785512  3.24921131]
 [ 1.57079637  3.25875378]]
2024-06-19 17:29:06,286 - INFO - [[-1.57079637  3.50586104]
 [-1.56785512  3.50225329]
 [-1.5648967   3.4919982 ]
 ...
 [ 1.5648967   3.1800642 ]
 [ 1.56785512  3.18088937]
 [ 1.57079637  3.19023108]]
2024-06-19 17:29:06,385 - INFO - [[-1.57079637  3.62429714]
 [-1.56785512  3.61951017]
 [-1.5648967   3.60891175]
 ...
 [ 1.5648967   3.12575364]
 [ 1.56785512  3.12583661]
 [ 1.57079637  3.13501668]]
2024-06-19 17:29:06,487 - INFO - [[-1.57079637  3.76414919]
 [-1.56785512  3.75795412]
 [-1.5648967   3.74695039]
 ...
 [ 1.5648967   3.08373928]
 [ 1.56785512  3.08305001]
 [ 1.57079637  3.09210443]]
2024-06-19 17:29:06,584 - INFO - [[-1.57079637  3.92917895]
 [-1.56785512  3.92134643]
 [-1.5648967   3.90986419]
 ...
 [ 1.5648967   3.0531044 ]
 [ 1.56785512  3.05164409]
 [ 1.57079637  3.06060624]]
2024-06-19 17:29:06,685 - INFO - [[-1.57079637  4.1238389 ]
 [-1.56785512  4.11398363]
 [-1.5648967   4.10193729]
 ...
 [ 1.5648967   3.03329134]
 [ 1.56785512  3.0311749 ]
 [ 1.57079637  3.04007697]]
2024-06-19 17:29:06,789 - INFO - [[-1.57079637  4.35424662]
 [-1.56785512  4.34202623]
 [-1.5648967   4.32931232]
 ...
 [ 1.5648967   3.02410412]
 [ 1.56785512  3.02125692]
 [ 1.57079637  3.03012991]]
2024-06-19 17:29:06,984 - INFO - [[-1.57079637  2.46769094]
 [-1.56785512  2.46972418]
 [-1.5648967   2.46249247]
 ...
 [ 1.5648967   3.02526569]
 [ 1.56785512  3.0217278 ]
 [ 1.57079637  3.03060198]]
2024-06-19 17:29:07,127 - INFO - [[-1.57079637  2.50218296]
 [-1.56785512  2.50308299]
 [-1.5648967   2.49575353]
 ...
 [ 1.5648967   4.9994998 ]
 [ 1.56785512  4.9994998 ]
 [ 1.57079637  4.9994998 ]]
2024-06-19 17:29:07,236 - INFO - [[-1.57079637  2.55227637]
 [-1.56785512  2.55226278]
 [-1.5648967   2.54478931]
 ...
 [ 1.5648967   4.86432505]
 [ 1.56785512  4.87081194]
 [ 1.57079637  4.88511658]]
2024-06-19 17:29:07,333 - INFO - [[-1.57079637  2.59815311]
 [-1.56785512  2.5974853 ]
 [-1.5648967   2.58987951]
 ...
 [ 1.5648967   4.7086997 ]
 [ 1.56785512  4.71355343]
 [ 1.57079637  4.72739649]]
2024-06-19 17:29:07,438 - INFO - [[-1.57079637  2.65496922]
 [-1.56785512  2.65358353]
 [-1.5648967   2.64581347]
 ...
 [ 1.5648967   4.5781455 ]
 [ 1.56785512  4.58162832]
 [ 1.57079637  4.59508419]]
2024-06-19 17:29:07,534 - INFO - [[-1.57079637  2.72386432]
 [-1.56785512  2.72167563]
 [-1.5648967   2.71370625]
 ...
 [ 1.5648967   4.4692378 ]
 [ 1.56785512  4.47136927]
 [ 1.57079637  4.48450089]]
2024-06-19 17:29:07,680 - INFO - [[-1.57079637  2.80626178]
 [-1.56785512  2.80322909]
 [-1.5648967   2.79502082]
 ...
 [ 1.5648967   4.38022661]
 [ 1.56785512  4.38126898]
 [ 1.57079637  4.39413595]]
2024-06-19 17:29:07,832 - INFO - [[-1.57079637  2.9592495 ]
 [-1.56785512  2.95467114]
 [-1.5648967   2.94601941]
 ...
 [ 1.5648967   4.2796545 ]
 [ 1.56785512  4.27904797]
 [ 1.57079637  4.29161501]]
2024-06-19 17:29:07,938 - INFO - [[-1.57079637  3.15508366]
 [-1.56785512  3.14858484]
 [-1.5648967   3.1393652 ]
 ...
 [ 1.5648967   1.90444481]
 [ 1.56785512  1.91409969]
 [ 1.57079637  1.91972113]]
2024-06-19 17:29:08,040 - INFO - [[-1.57079637  3.31536841]
 [-1.56785512  3.30719757]
 [-1.5648967   3.29751348]
 ...
 [ 1.5648967   1.74901426]
 [ 1.56785512  1.756621  ]
 [ 1.57079637  1.76178002]]
2024-06-19 17:29:08,137 - INFO - [[-1.57079637  3.50511408]
 [-1.56785512  3.49502206]
 [-1.5648967   3.48478818]
 ...
 [ 1.5648967   1.62184966]
 [ 1.56785512  1.6279161 ]
 [ 1.57079637  1.63269699]]
2024-06-19 17:29:08,233 - INFO - [[-1.57079637  3.7326889 ]
 [-1.56785512  3.72013569]
 [-1.5648967   3.70924282]
 ...
 [ 1.5648967   1.51648331]
 [ 1.56785512  1.52134919]
 [ 1.57079637  1.52581716]]
2024-06-19 17:29:08,379 - INFO - [[-1.57079637  4.9994998 ]
 [-1.56785512  4.9994998 ]
 [-1.5648967   4.9994998 ]
 ...
 [ 1.5648967   1.42854452]
 [ 1.56785512  1.43247032]
 [ 1.57079637  1.43667734]]
2024-06-19 17:29:08,486 - INFO - [[-1.57079637  4.9994998 ]
 [-1.56785512  4.9994998 ]
 [-1.5648967   4.9994998 ]
 ...
 [ 1.5648967   1.32205153]
 [ 1.56785512  1.32487988]
 [ 1.57079637  1.32877088]]
2024-06-19 17:29:08,583 - INFO - [[-1.57079637  4.9994998 ]
 [-1.56785512  4.9994998 ]
 [-1.5648967   4.9994998 ]
 ...
 [ 1.5648967   1.264256  ]
 [ 1.56785512  1.2664932 ]
 [ 1.57079637  1.27021265]]
2024-06-19 17:29:08,686 - INFO - [[-1.57079637  4.9994998 ]
 [-1.56785512  4.9994998 ]
 [-1.5648967   4.9994998 ]
 ...
 [ 1.5648967   1.21503901]
 [ 1.56785512  1.21679282]
 [ 1.57079637  1.22036636]]
2024-06-19 17:29:08,784 - INFO - [[-1.57079637  4.9994998 ]
 [-1.56785512  4.9994998 ]
 [-1.5648967   4.9994998 ]
 ...
 [ 1.5648967   1.17310381]
 [ 1.56785512  1.17443037]
 [ 1.57079637  1.17787957]]
2024-06-19 17:29:08,885 - INFO - [[-1.57079637  4.9994998 ]
 [-1.56785512  4.9994998 ]
 [-1.5648967   4.9994998 ]
 ...
 [ 1.5648967   1.13753903]
 [ 1.56785512  1.13849866]
 [ 1.57079637  1.14184225]]
2024-06-19 17:29:08,987 - INFO - [[-1.57079637  4.9994998 ]
 [-1.56785512  4.9994998 ]
 [-1.5648967   4.9994998 ]
 ...
 [ 1.5648967   1.10752261]
 [ 1.56785512  1.10815525]
 [ 1.57079637  1.11140978]]
2024-06-19 17:29:09,084 - INFO - [[-1.57079637  4.9994998 ]
 [-1.56785512  4.9994998 ]
 [-1.5648967   4.9994998 ]
 ...
 [ 1.5648967   1.08249342]
 [ 1.56785512  1.08282292]
 [ 1.57079637  1.08600307]]
2024-06-19 17:29:09,183 - INFO - [[-1.57079637  4.47119141]
 [-1.56785512  4.9994998 ]
 [-1.5648967   4.9994998 ]
 ...
 [ 1.5648967   1.06195343]
 [ 1.56785512  1.06200683]
 [ 1.57079637  1.06512582]]
2024-06-19 17:29:09,287 - INFO - [[-1.57079637  4.41117048]
 [-1.56785512  4.41912127]
 [-1.5648967   4.40618134]
 ...
 [ 1.5648967   1.04555464]
 [ 1.56785512  1.04535162]
 [ 1.57079637  1.04842162]]
2024-06-19 17:29:09,386 - INFO - [[-1.57079637  4.3677597 ]
 [-1.56785512  4.37461996]
 [-1.5648967   4.36181021]
 ...
 [ 1.5648967   1.03303075]
 [ 1.56785512  1.03258371]
 [ 1.57079637  1.03561628]]
2024-06-19 17:29:09,531 - INFO - [[-1.57079637  4.34028816]
 [-1.56785512  4.34600782]
 [-1.5648967   4.33328199]
 ...
 [ 1.5648967   1.02416587]
 [ 1.56785512  1.02348197]
 [ 1.57079637  1.02648771]]
2024-06-19 17:29:09,588 - INFO - [[-1.57079637  4.32825756]
 [-1.56785512  4.33294153]
 [-1.5648967   4.32025385]
 ...
 [ 1.5648967   1.01883256]
 [ 1.56785512  1.01791382]
 [ 1.57079637  1.02090323]]
2024-06-19 17:29:09,732 - INFO - [[-1.57079637  4.33132505]
 [-1.56785512  4.33505535]
 [-1.5648967   4.32236147]
 ...
 [ 1.5648967   1.01698124]
 [ 1.56785512  1.01582921]
 [ 1.57079637  1.01881254]]
2024-06-19 17:29:09,835 - INFO - [[-1.57079637  4.36437368]
 [-1.56785512  4.36655998]
 [-1.5648967   4.35377407]
 ...
 [ 1.5648967   1.02072012]
 [ 1.56785512  1.01920271]
 [ 1.57079637  1.02219594]]
2024-06-19 17:29:09,935 - INFO - [[-1.57079637  4.40599203]
 [-1.56785512  4.40715981]
 [-1.5648967   4.39425516]
 ...
 [ 1.5648967   1.02765477]
 [ 1.56785512  1.02588403]
 [ 1.57079637  1.02889693]]
2024-06-19 17:29:10,084 - INFO - [[-1.57079637  4.4640069 ]
 [-1.56785512  4.46406984]
 [-1.5648967   4.45099831]
 ...
 [ 1.5648967   1.0383215 ]
 [ 1.56785512  1.03628099]
 [ 1.57079637  1.0393244 ]]
2024-06-19 17:29:10,231 - INFO - [[-1.57079637  4.58415413]
 [-1.56785512  4.58251429]
 [-1.5648967   4.56909609]
 ...
 [ 1.5648967   1.06185257]
 [ 1.56785512  1.05935907]
 [ 1.57079637  1.06247032]]
2024-06-19 17:29:10,335 - INFO - [[-1.57079637  4.9994998 ]
 [-1.56785512  4.9994998 ]
 [-1.5648967   4.9994998 ]
 ...
 [ 1.5648967   1.09539509]
 [ 1.56785512  1.09238362]
 [ 1.57079637  1.09559166]]
2024-06-19 17:29:10,436 - INFO - [[-1.57079637  4.9994998 ]
 [-1.56785512  4.9994998 ]
 [-1.5648967   4.9994998 ]
 ...
 [ 1.5648967   1.12415433]
 [ 1.56785512  1.12073791]
 [ 1.57079637  1.12402928]]
2024-06-19 17:29:10,535 - INFO - [[-1.57079637  4.9994998 ]
 [-1.56785512  4.9994998 ]
 [-1.5648967   4.9994998 ]
 ...
 [ 1.5648967   1.15876091]
 [ 1.56785512  1.15488327]
 [ 1.57079637  1.15827501]]
2024-06-19 17:29:10,680 - INFO - [[-1.57079637  4.9994998 ]
 [-1.56785512  4.9994998 ]
 [-1.5648967   4.9994998 ]
 ...
 [ 1.5648967   1.2001195 ]
 [ 1.56785512  1.19571555]
 [ 1.57079637  1.19922721]]
2024-06-19 17:29:11,089 - INFO - [[-1.57079637  3.91658974]
 [-1.56785512  3.93393064]
 [-1.5648967   3.92241168]
 ...
 [ 1.5648967   1.37803257]
 [ 1.56785512  1.37132788]
 [ 1.57079637  1.37535524]]
2024-06-19 17:29:11,187 - INFO - [[-1.57079637  3.91766572]
 [-1.56785512  3.93451118]
 [-1.5648967   3.92299032]
 ...
 [ 1.5648967   1.37936437]
 [ 1.56785512  1.3726517 ]
 [ 1.57079637  1.37668288]]
2024-06-19 17:29:11,283 - INFO - [[-1.57079637  3.92629409]
 [-1.56785512  4.9994998 ]
 [-1.5648967   4.9994998 ]
 ...
 [ 1.5648967   1.38874996]
 [ 1.56785512  1.38199008]
 [ 1.57079637  1.38604879]]
2024-06-19 17:29:11,386 - INFO - [[-1.57079637  4.9994998 ]
 [-1.56785512  4.9994998 ]
 [-1.5648967   4.9994998 ]
 ...
 [ 1.5648967   1.408077  ]
 [ 1.56785512  1.40121877]
 [ 1.57079637  1.405334  ]]
2024-06-19 17:29:11,485 - INFO - [[-1.57079637  4.9994998 ]
 [-1.56785512  4.9994998 ]
 [-1.5648967   4.9994998 ]
 ...
 [ 1.5648967   1.43442214]
 [ 1.56785512  1.42745674]
 [ 1.57079637  1.43164897]]
2024-06-19 17:29:11,585 - INFO - [[-1.57079637  4.9994998 ]
 [-1.56785512  4.9994998 ]
 [-1.5648967   4.9994998 ]
 ...
 [ 1.5648967   1.45350945]
 [ 1.56785512  1.44653726]
 [ 1.57079637  1.45078552]]
2024-06-19 17:29:11,689 - INFO - [[-1.57079637  4.9994998 ]
 [-1.56785512  4.9994998 ]
 [-1.5648967   4.9994998 ]
 ...
 [ 1.5648967   1.47596419]
 [ 1.56785512  1.46893167]
 [ 1.57079637  1.47324574]]
2024-06-19 17:29:11,838 - INFO - [[-1.57079637  4.9994998 ]
 [-1.56785512  4.9994998 ]
 [-1.5648967   4.9994998 ]
 ...
 [ 1.5648967   1.50471306]
 [ 1.56785512  1.49753022]
 [ 1.57079637  1.50192821]]
2024-06-19 17:29:11,975 - INFO - [[-1.57079637  4.9994998 ]
 [-1.56785512  4.9994998 ]
 [-1.5648967   4.9994998 ]
 ...
 [ 1.5648967   1.5469389 ]
 [ 1.56785512  1.53956652]
 [ 1.57079637  1.54408801]]
2024-06-19 17:29:12,034 - INFO - [[-1.57079637  4.9994998 ]
 [-1.56785512  4.9994998 ]
 [-1.5648967   4.9994998 ]
 ...
 [ 1.5648967   1.5750767 ]
 [ 1.56785512  1.56755865]
 [ 1.57079637  1.57216239]]
2024-06-19 17:29:12,135 - INFO - [[-1.57079637  4.9994998 ]
 [-1.56785512  4.9994998 ]
 [-1.5648967   4.9994998 ]
 ...
 [ 1.5648967   1.60312033]
 [ 1.56785512  1.59546494]
 [ 1.57079637  1.60015059]]
2024-06-19 17:29:12,235 - INFO - [[-1.57079637  4.9994998 ]
 [-1.56785512  4.9994998 ]
 [-1.5648967   4.9994998 ]
 ...
 [ 1.5648967   3.16228461]
 [ 1.56785512  3.15837526]
 [ 1.57079637  3.1676507 ]]
2024-06-19 17:29:12,336 - INFO - [[-1.57079637  4.9994998 ]
 [-1.56785512  4.9994998 ]
 [-1.5648967   4.9994998 ]
 ...
 [ 1.5648967   3.16411948]
 [ 1.56785512  3.16020036]
 [ 1.57079637  3.16948128]]
2024-06-19 17:29:12,434 - INFO - [[-1.57079637  4.9994998 ]
 [-1.56785512  4.9994998 ]
 [-1.5648967   4.9994998 ]
 ...
 [ 1.5648967   3.16600418]
 [ 1.56785512  3.16207433]
 [ 1.57079637  3.17136073]]
2024-06-19 17:29:12,537 - INFO - [[-1.57079637  4.9994998 ]
 [-1.56785512  4.9994998 ]
 [-1.5648967   4.9994998 ]
 ...
 [ 1.5648967   3.16784358]
 [ 1.56785512  3.16390347]
 [ 1.57079637  3.17319536]]
2024-06-19 17:29:12,638 - INFO - [[-1.57079637  4.9994998 ]
 [-1.56785512  4.9994998 ]
 [-1.5648967   4.9994998 ]
 ...
 [ 1.5648967   3.16963744]
 [ 1.56785512  3.16568756]
 [ 1.57079637  3.17498469]]
2024-06-19 17:29:12,727 - INFO - [[-1.57079637  4.9994998 ]
 [-1.56785512  4.9994998 ]
 [-1.5648967   4.9994998 ]
 ...
 [ 1.5648967   3.17148066]
 [ 1.56785512  3.16756821]
 [ 1.57079637  3.17687082]]
2024-06-19 17:29:12,835 - INFO - [[-1.57079637  4.9994998 ]
 [-1.56785512  4.9994998 ]
 [-1.5648967   4.9994998 ]
 ...
 [ 1.5648967   3.17332625]
 [ 1.56785512  3.16940403]
 [ 1.57079637  3.17871213]]
2024-06-19 17:29:12,934 - INFO - [[-1.57079637  4.9994998 ]
 [-1.56785512  4.9994998 ]
 [-1.5648967   4.9994998 ]
 ...
 [ 1.5648967   3.175174  ]
 [ 1.56785512  3.17119455]
 [ 1.57079637  3.1805079 ]]
2024-06-19 17:29:13,076 - INFO - [[-1.57079637  4.9994998 ]
 [-1.56785512  4.9994998 ]
 [-1.5648967   4.9994998 ]
 ...
 [ 1.5648967   3.17702413]
 [ 1.56785512  3.1730814 ]
 [ 1.57079637  3.18240023]]
2024-06-19 17:29:13,134 - INFO - [[-1.57079637  4.9994998 ]
 [-1.56785512  4.9994998 ]
 [-1.5648967   4.9994998 ]
 ...
 [ 1.5648967   3.17882848]
 [ 1.56785512  3.17487621]
 [ 1.57079637  3.18420029]]
2024-06-19 17:29:13,275 - INFO - [[-1.57079637  4.9994998 ]
 [-1.56785512  4.9994998 ]
 [-1.5648967   4.9994998 ]
 ...
 [ 1.5648967   3.18068218]
 [ 1.56785512  3.17676759]
 [ 1.57079637  3.18609715]]
2024-06-19 17:29:13,333 - INFO - [[-1.57079637  4.9994998 ]
 [-1.56785512  4.9994998 ]
 [-1.5648967   4.9994998 ]
 ...
 [ 1.5648967   3.18253875]
 [ 1.56785512  3.1786139 ]
 [ 1.57079637  3.18794894]]
2024-06-19 17:29:13,435 - INFO - [[-1.57079637  4.9994998 ]
 [-1.56785512  4.9994998 ]
 [-1.5648967   4.9994998 ]
 ...
 [ 1.5648967   3.18434954]
 [ 1.56785512  3.18036747]
 [ 1.57079637  3.18970776]]
2024-06-19 17:29:13,537 - INFO - [[-1.57079637  4.9994998 ]
 [-1.56785512  4.9994998 ]
 [-1.5648967   4.9994998 ]
 ...
 [ 1.5648967   3.18625784]
 [ 1.56785512  3.18226528]
 [ 1.57079637  3.19161105]]
2024-06-19 17:29:13,633 - INFO - [[-1.57079637  4.9994998 ]
 [-1.56785512  4.9994998 ]
 [-1.5648967   4.9994998 ]
 ...
 [ 1.5648967   3.18807292]
 [ 1.56785512  3.18407059]
 [ 1.57079637  3.19342184]]
2024-06-19 17:29:13,734 - INFO - [[-1.57079637  4.9994998 ]
 [-1.56785512  4.9994998 ]
 [-1.5648967   4.9994998 ]
 ...
 [ 1.5648967   3.18989015]
 [ 1.56785512  3.18592548]
 [ 1.57079637  3.19528198]]
2024-06-19 17:29:13,836 - INFO - [[-1.57079637  4.9994998 ]
 [-1.56785512  4.9994998 ]
 [-1.5648967   4.9994998 ]
 ...
 [ 1.5648967   3.19166136]
 [ 1.56785512  3.1876874 ]
 [ 1.57079637  3.19704914]]
2024-06-19 17:29:13,981 - INFO - [[-1.57079637  4.9994998 ]
 [-1.56785512  4.9994998 ]
 [-1.5648967   4.9994998 ]
 ...
 [ 1.5648967   3.19362617]
 [ 1.56785512  3.18964148]
 [ 1.57079637  3.19900894]]
2024-06-19 17:29:14,088 - INFO - [[-1.57079637  4.9994998 ]
 [-1.56785512  4.9994998 ]
 [-1.5648967   4.9994998 ]
 ...
 [ 1.5648967   3.19636226]
 [ 1.56785512  3.19236279]
 [ 1.57079637  3.20173812]]
2024-06-19 17:29:14,185 - INFO - [[-1.57079637  4.9994998 ]
 [-1.56785512  4.9994998 ]
 [-1.5648967   4.9994998 ]
 ...
 [ 1.5648967   3.19818878]
 [ 1.56785512  3.19422722]
 [ 1.57079637  3.20360827]]
2024-06-19 17:29:14,336 - INFO - [[-1.57079637  4.9994998 ]
 [-1.56785512  4.9994998 ]
 [-1.5648967   4.9994998 ]
 ...
 [ 1.5648967   3.20001721]
 [ 1.56785512  3.19599795]
 [ 1.57079637  3.20538402]]
2024-06-19 17:29:14,435 - INFO - [[-1.57079637  4.9994998 ]
 [-1.56785512  4.9994998 ]
 [-1.5648967   4.9994998 ]
 ...
 [ 1.5648967   3.20286083]
 [ 1.56785512  3.198874  ]
 [ 1.57079637  3.20826864]]
2024-06-19 17:29:14,533 - INFO - [[-1.57079637  4.9994998 ]
 [-1.56785512  4.9994998 ]
 [-1.5648967   4.9994998 ]
 ...
 [ 1.5648967   3.20469451]
 [ 1.56785512  3.20074582]
 [ 1.57079637  3.21014595]]
2024-06-19 17:29:14,633 - INFO - [[-1.57079637  4.9994998 ]
 [-1.56785512  4.9994998 ]
 [-1.5648967   4.9994998 ]
 ...
 [ 1.5648967   3.20648265]
 [ 1.56785512  3.20252395]
 [ 1.57079637  3.21192932]]
2024-06-19 17:29:14,884 - INFO - [[-1.57079637  4.9994998 ]
 [-1.56785512  4.9994998 ]
 [-1.5648967   4.9994998 ]
 ...
 [ 1.5648967   3.20957947]
 [ 1.56785512  3.20565295]
 [ 1.57079637  3.21506739]]
2024-06-19 17:29:14,987 - INFO - [[-1.57079637  4.9994998 ]
 [-1.56785512  4.9994998 ]
 [-1.5648967   4.9994998 ]
 ...
 [ 1.5648967   3.2090466 ]
 [ 1.56785512  3.20526743]
 [ 1.57079637  3.21468067]]
2024-06-19 17:29:15,084 - INFO - [[-1.57079637  4.9994998 ]
 [-1.56785512  4.9994998 ]
 [-1.5648967   4.9994998 ]
 ...
 [ 1.5648967   3.21064544]
 [ 1.56785512  3.20680928]
 [ 1.57079637  3.21622729]]
2024-06-19 17:29:15,184 - INFO - [[-1.57079637  4.9994998 ]
 [-1.56785512  4.9994998 ]
 [-1.5648967   4.9994998 ]
 ...
 [ 1.5648967   3.21618032]
 [ 1.56785512  3.21197653]
 [ 1.57079637  3.22140956]]
2024-06-19 17:29:15,288 - INFO - [[-1.57079637  4.9994998 ]
 [-1.56785512  4.9994998 ]
 [-1.5648967   4.9994998 ]
 ...
 [ 1.5648967   3.23029828]
 [ 1.56785512  3.225528  ]
 [ 1.57079637  3.23500085]]
2024-06-19 17:29:15,429 - INFO - [[-1.57079637  4.9994998 ]
 [-1.56785512  4.9994998 ]
 [-1.5648967   4.9994998 ]
 ...
 [ 1.5648967   3.25801039]
 [ 1.56785512  3.2523818 ]
 [ 1.57079637  3.26193357]]
2024-06-19 17:29:15,536 - INFO - [[-1.57079637  4.9994998 ]
 [-1.56785512  4.9994998 ]
 [-1.5648967   4.9994998 ]
 ...
 [ 1.5648967   3.32312179]
 [ 1.56785512  3.31619596]
 [ 1.57079637  3.32593513]]
2024-06-19 17:29:15,633 - INFO - [[-1.57079637  4.9994998 ]
 [-1.56785512  4.9994998 ]
 [-1.5648967   4.9994998 ]
 ...
 [ 1.5648967   3.38274455]
 [ 1.56785512  3.37480354]
 [ 1.57079637  3.38471484]]
2024-06-19 17:29:15,737 - INFO - [[-1.57079637  3.99701285]
 [-1.56785512  4.00762272]
 [-1.5648967   3.99588799]
 ...
 [ 1.5648967   3.45708823]
 [ 1.56785512  3.44807172]
 [ 1.57079637  3.45819807]]
2024-06-19 17:29:15,931 - INFO - [[-1.57079637  3.90828943]
 [-1.56785512  3.91767335]
 [-1.5648967   3.90620184]
 ...
 [ 1.5648967   1.91154861]
 [ 1.56785512  1.91229796]
 [ 1.57079637  1.91791415]]
2024-06-19 17:29:16,033 - INFO - [[-1.57079637  3.78071427]
 [-1.56785512  3.78785157]
 [-1.5648967   3.77676034]
 ...
 [ 1.5648967   1.84527206]
 [ 1.56785512  1.84507227]
 [ 1.57079637  1.85049093]]
2024-06-19 17:29:16,135 - INFO - [[-1.57079637  3.73940945]
 [-1.56785512  3.74554777]
 [-1.5648967   3.73458028]
 ...
 [ 1.5648967   1.82281399]
 [ 1.56785512  1.82218516]
 [ 1.57079637  1.82753658]]
2024-06-19 17:29:16,279 - INFO - [[-1.57079637  3.71176958]
 [-1.56785512  3.71695995]
 [-1.5648967   3.70607615]
 ...
 [ 1.5648967   1.80697024]
 [ 1.56785512  1.80590904]
 [ 1.57079637  1.81121266]]
2024-06-19 17:29:16,383 - INFO - [[-1.57079637  3.69503617]
 [-1.56785512  3.69897532]
 [-1.5648967   3.68814421]
 ...
 [ 1.5648967   1.79502821]
 [ 1.56785512  1.79333723]
 [ 1.57079637  1.79860401]]
2024-06-19 17:29:16,484 - INFO - [[-1.57079637  3.70014906]
 [-1.56785512  3.70321393]
 [-1.5648967   3.69237041]
 ...
 [ 1.5648967   1.7947706 ]
 [ 1.56785512  1.79265869]
 [ 1.57079637  1.79792345]]
2024-06-19 17:29:16,583 - INFO - [[-1.57079637  3.71822119]
 [-1.56785512  3.72039533]
 [-1.5648967   3.7095015 ]
 ...
 [ 1.5648967   1.80068183]
 [ 1.56785512  1.79815972]
 [ 1.57079637  1.80344069]]
2024-06-19 17:29:16,676 - INFO - [[-1.57079637  3.74910879]
 [-1.56785512  3.75042129]
 [-1.5648967   3.73943949]
 ...
 [ 1.5648967   1.81273043]
 [ 1.56785512  1.80975497]
 [ 1.57079637  1.81506991]]
2024-06-19 17:29:16,824 - INFO - [[-1.57079637  3.78881621]
 [-1.56785512  3.78933191]
 [-1.5648967   3.77823639]
 ...
 [ 1.5648967   1.82935226]
 [ 1.56785512  1.82596028]
 [ 1.57079637  1.83132279]]
2024-06-19 17:29:16,928 - INFO - [[-1.57079637  3.84099364]
 [-1.56785512  3.8407104 ]
 [-1.5648967   3.82946444]
 ...
 [ 1.5648967   1.85198903]
 [ 1.56785512  1.8481257 ]
 [ 1.57079637  1.8535533 ]]
2024-06-19 17:29:17,034 - INFO - [[-1.57079637  4.9994998 ]
 [-1.56785512  4.9994998 ]
 [-1.5648967   4.9994998 ]
 ...
 [ 1.5648967   1.90073407]
 [ 1.56785512  1.89606404]
 [ 1.57079637  1.90163243]]
2024-06-19 17:29:17,135 - INFO - [[-1.57079637  4.9994998 ]
 [-1.56785512  4.9994998 ]
 [-1.5648967   4.9994998 ]
 ...
 [ 1.5648967   1.94426239]
 [ 1.56785512  1.93896449]
 [ 1.57079637  1.94465888]]
2024-06-19 17:29:17,234 - INFO - [[-1.57079637  4.9994998 ]
 [-1.56785512  4.9994998 ]
 [-1.5648967   4.9994998 ]
 ...
 [ 1.5648967   1.99713731]
 [ 1.56785512  1.99111056]
 [ 1.57079637  1.99695814]]
2024-06-19 17:29:17,334 - INFO - [[-1.57079637  4.9994998 ]
 [-1.56785512  4.9994998 ]
 [-1.5648967   4.9994998 ]
 ...
 [ 1.5648967   2.060467  ]
 [ 1.56785512  2.05362511]
 [ 1.57079637  2.05965638]]
2024-06-19 17:29:17,436 - INFO - [[-1.57079637  4.9994998 ]
 [-1.56785512  4.9994998 ]
 [-1.5648967   4.9994998 ]
 ...
 [ 1.5648967   2.13587308]
 [ 1.56785512  2.12808275]
 [ 1.57079637  2.13433242]]
2024-06-19 17:29:17,535 - INFO - [[-1.57079637  4.9994998 ]
 [-1.56785512  4.9994998 ]
 [-1.5648967   4.9994998 ]
 ...
 [ 1.5648967   2.22538257]
 [ 1.56785512  2.21647167]
 [ 1.57079637  2.22298121]]
2024-06-19 17:29:17,634 - INFO - [[-1.57079637  2.93525243]
 [-1.56785512  2.95463061]
 [-1.5648967   2.94597888]
 ...
 [ 1.5648967   2.33148217]
 [ 1.56785512  2.32125425]
 [ 1.57079637  2.32807136]]
2024-06-19 17:29:17,735 - INFO - [[-1.57079637  2.71529031]
 [-1.56785512  2.73143435]
 [-1.5648967   2.72343636]
 ...
 [ 1.5648967   2.4577682 ]
 [ 1.56785512  2.44596267]
 [ 1.57079637  2.45314598]]
