2024-07-17 13:43:56,891 - INFO - [[0.]
 [0.]]
2024-07-17 13:43:57,249 - INFO - [[  4.94462252   4.94970655   4.93521309 ...   4.93521309   4.93048525
    4.94496536]
 [-90.0000025  -89.83148125 -89.66197644 ...  89.66197644  89.83148125
   90.0000025 ]]
2024-07-17 13:43:57,701 - INFO - [[  4.94668055   4.95177555   4.93727589 ...   4.93269539   4.92797899
    4.94245195]
 [-90.0000025  -89.83148125 -89.66197644 ...  89.66197644  89.83148125
   90.0000025 ]]
2024-07-17 13:43:58,099 - INFO - [[  4.94908333   4.95407534   4.939569   ...   4.9301796    4.92536211
    4.93982697]
 [-90.0000025  -89.83148125 -89.66197644 ...  89.66197644  89.83148125
   90.0000025 ]]
2024-07-17 13:43:58,499 - INFO - [[  4.94908333   4.95396042   4.93945456 ...   4.93029356   4.92524815
    4.93971252]
 [-90.0000025  -89.83148125 -89.66197644 ...  89.66197644  89.83148125
   90.0000025 ]]
2024-07-17 13:43:58,900 - INFO - [[  4.94896889   4.95373011   4.93922472 ...   4.93052244   4.92558908
    4.94005489]
 [-90.0000025  -89.83148125 -89.66197644 ...  89.66197644  89.83148125
   90.0000025 ]]
2024-07-17 13:43:59,299 - INFO - [[  4.94874001   4.95361567   4.93911076 ...   4.93097973   4.9259305
    4.94039726]
 [-90.0000025  -89.83148125 -89.66197644 ...  89.66197644  89.83148125
   90.0000025 ]]
2024-07-17 13:43:59,749 - INFO - [[  4.94839668   4.95315552   4.93865204 ...   4.93155146   4.92649937
    4.94096756]
 [-90.0000025  -89.83148125 -89.66197644 ...  89.66197644  89.83148125
   90.0000025 ]]
2024-07-17 13:44:00,147 - INFO - [[  4.9479394    4.95269489   4.93819284 ...   4.93200874   4.92684031
    4.94130945]
 [-90.0000025  -89.83148125 -89.66197644 ...  89.66197644  89.83148125
   90.0000025 ]]
2024-07-17 13:44:00,592 - INFO - [[  4.94748116   4.95223475   4.93773365 ...   4.93258047   4.92752361
    4.94199514]
 [-90.0000025  -89.83148125 -89.66197644 ...  89.66197644  89.83148125
   90.0000025 ]]
2024-07-17 13:44:00,998 - INFO - [[  4.94713783   4.95177555   4.93727589 ...   4.93315268   4.92809296
    4.94256592]
 [-90.0000025  -89.83148125 -89.66197644 ...  89.66197644  89.83148125
   90.0000025 ]]
2024-07-17 13:44:01,401 - INFO - [[  4.94668055   4.9513154    4.93681717 ...   4.933496     4.92843437
    4.94290829]
 [-90.0000025  -89.83148125 -89.66197644 ...  89.66197644  89.83148125
   90.0000025 ]]
2024-07-17 13:44:01,799 - INFO - [[  4.94622326   4.95097065   4.93647385 ...   4.9340682    4.92888975
    4.9433651 ]
 [-90.0000025  -89.83148125 -89.66197644 ...  89.66197644  89.83148125
   90.0000025 ]]
2024-07-17 13:44:02,198 - INFO - [[  4.94576597   4.95051098   4.93601513 ...   4.93441153   4.92934608
    4.94382238]
 [-90.0000025  -89.83148125 -89.66197644 ...  89.66197644  89.83148125
   90.0000025 ]]
2024-07-17 13:44:02,598 - INFO - [[  4.94542265   4.9501667    4.93567181 ...   4.93487024   4.9296875
    4.94416523]
 [-90.0000025  -89.83148125 -89.66197644 ...  89.66197644  89.83148125
   90.0000025 ]]
2024-07-17 13:44:03,002 - INFO - [[  4.94519377   4.94982195   4.93532801 ...   4.93509865   4.92991495
    4.94439363]
 [-90.0000025  -89.83148125 -89.66197644 ...  89.66197644  89.83148125
   90.0000025 ]]
2024-07-17 13:44:03,397 - INFO - [[  4.94473696   4.9494772    4.93498421 ...   4.93521309   4.93014336
    4.94462252]
 [-90.0000025  -89.83148125 -89.66197644 ...  89.66197644  89.83148125
   90.0000025 ]]
2024-07-17 13:44:03,797 - INFO - [[  4.94439363   4.94913244   4.93464088 ...   4.93544245   4.93037128
    4.94485092]
 [-90.0000025  -89.83148125 -89.66197644 ...  89.66197644  89.83148125
   90.0000025 ]]
2024-07-17 13:44:04,198 - INFO - [[  4.94416523   4.94901752   4.93452644 ...   4.93567181   4.93059921
    4.9450798 ]
 [-90.0000025  -89.83148125 -89.66197644 ...  89.66197644  89.83148125
   90.0000025 ]]
2024-07-17 13:44:04,650 - INFO - [[  4.94393635   4.94867325   4.93418312 ...   4.93578625   4.9307127
    4.94519377]
 [-90.0000025  -89.83148125 -89.66197644 ...  89.66197644  89.83148125
   90.0000025 ]]
2024-07-17 13:44:05,052 - INFO - [[  4.94370794   4.94855833   4.9340682  ...   4.93578625   4.93082714
    4.94530821]
 [-90.0000025  -89.83148125 -89.66197644 ...  89.66197644  89.83148125
   90.0000025 ]]
2024-07-17 13:44:05,547 - INFO - [[  4.94347954   4.94832897   4.93383932 ...   4.93590069   4.93082714
    4.94530821]
 [-90.0000025  -89.83148125 -89.66197644 ...  89.66197644  89.83148125
   90.0000025 ]]
2024-07-17 13:44:05,949 - INFO - [[  4.94347954   4.94832897   4.93383932 ...   4.93601513   4.9309411
    4.94542265]
 [-90.0000025  -89.83148125 -89.66197644 ...  89.66197644  89.83148125
   90.0000025 ]]
2024-07-17 13:44:06,391 - INFO - [[  4.9433651    4.94821453   4.93372536 ...   4.93613005   4.93116903
    4.94565105]
 [-90.0000025  -89.83148125 -89.66197644 ...  89.66197644  89.83148125
   90.0000025 ]]
2024-07-17 13:44:06,799 - INFO - [[  4.94313669   4.94809961   4.93361092 ...   4.93613005   4.93116903
    4.94565105]
 [-90.0000025  -89.83148125 -89.66197644 ...  89.66197644  89.83148125
   90.0000025 ]]
2024-07-17 13:44:07,295 - INFO - [[  4.94313669   4.94809961   4.93361092 ...   4.93624449   4.93139648
    4.94587946]
 [-90.0000025  -89.83148125 -89.66197644 ...  89.66197644  89.83148125
   90.0000025 ]]
2024-07-17 13:44:07,701 - INFO - [[  4.94302273   4.9479847    4.933496   ...   4.93613005   4.93128347
    4.94576597]
 [-90.0000025  -89.83148125 -89.66197644 ...  89.66197644  89.83148125
   90.0000025 ]]
2024-07-17 13:44:08,097 - INFO - [[  4.94313669   4.94809961   4.93361092 ...   4.93613005   4.93128347
    4.94576597]
 [-90.0000025  -89.83148125 -89.66197644 ...  89.66197644  89.83148125
   90.0000025 ]]
2024-07-17 13:44:08,539 - INFO - [[  4.94302273   4.94809961   4.93361092 ...   4.93613005   4.93139648
    4.94587946]
 [-90.0000025  -89.83148125 -89.66197644 ...  89.66197644  89.83148125
   90.0000025 ]]
2024-07-17 13:44:08,898 - INFO - [[  4.94325066   4.94832897   4.93383932 ...   4.93624449   4.9315114
    4.94599438]
 [-90.0000025  -89.83148125 -89.66197644 ...  89.66197644  89.83148125
   90.0000025 ]]
2024-07-17 13:44:09,339 - INFO - [[  4.9433651    4.94844341   4.93395376 ...   4.93635893   4.93162537
    4.94610882]
 [-90.0000025  -89.83148125 -89.66197644 ...  89.66197644  89.83148125
   90.0000025 ]]
2024-07-17 13:44:09,702 - INFO - [[  4.9433651    4.94855833   4.9340682  ...   4.93647385   4.93185329
    4.94633722]
 [-90.0000025  -89.83148125 -89.66197644 ...  89.66197644  89.83148125
   90.0000025 ]]
2024-07-17 13:44:10,151 - INFO - [[  4.9435935    4.94890261   4.93441153 ...   4.93658781   4.93196726
    4.94645166]
 [-90.0000025  -89.83148125 -89.66197644 ...  89.66197644  89.83148125
   90.0000025 ]]
2024-07-17 13:44:10,591 - INFO - [[  4.94382238   4.94913244   4.93464088 ...   4.93658781   4.93208122
    4.9465661 ]
 [-90.0000025  -89.83148125 -89.66197644 ...  89.66197644  89.83148125
   90.0000025 ]]
2024-07-17 13:44:10,949 - INFO - [[  4.94416523   4.9494772    4.93498421 ...   4.93693161   4.93230963
    4.94679499]
 [-90.0000025  -89.83148125 -89.66197644 ...  89.66197644  89.83148125
   90.0000025 ]]
2024-07-17 13:44:11,349 - INFO - [[  4.94450808   4.94982195   4.93532801 ...   4.93716145   4.93265152
    4.94713783]
 [-90.0000025  -89.83148125 -89.66197644 ...  89.66197644  89.83148125
   90.0000025 ]]
